#
# There is insufficient memory for the Java Runtime Environment to continue.
# Native memory allocation (malloc) failed to allocate 1506576 bytes for Chunk::new
# Possible reasons:
#   The system is out of physical RAM or swap space
#   The process is running with CompressedOops enabled, and the Java Heap may be blocking the growth of the native heap
# Possible solutions:
#   Reduce memory load on the system
#   Increase physical memory or swap space
#   Check if swap backing store is full
#   Decrease Java heap size (-Xmx/-Xms)
#   Decrease number of Java threads
#   Decrease Java thread stack sizes (-Xss)
#   Set larger code cache with -XX:ReservedCodeCacheSize=
#   JVM is running with Unscaled Compressed Oops mode in which the Java heap is
#     placed in the first 4GB address space. The Java Heap base address is the
#     maximum limit for the native heap growth. Please use -XX:HeapBaseMinAddress
#     to set the Java Heap base and to place the Java Heap above 4GB virtual address.
# This output file may be truncated or incomplete.
#
#  Out of Memory Error (./src/hotspot/share/memory/arena.cpp:197), pid=12804, tid=8872
#
# JRE version: OpenJDK Runtime Environment (11.0.10) (build 11.0.10+0-b96-7249189)
# Java VM: OpenJDK 64-Bit Server VM (11.0.10+0-b96-7249189, mixed mode, tiered, compressed oops, g1 gc, windows-amd64)
# No core dump will be written. Minidumps are not enabled by default on client versions of Windows
#

---------------  S U M M A R Y ------------

Command Line: --add-opens=java.base/java.util=ALL-UNNAMED --add-opens=java.base/java.lang=ALL-UNNAMED --add-opens=java.base/java.lang.invoke=ALL-UNNAMED --add-opens=java.base/java.util=ALL-UNNAMED --add-opens=java.prefs/java.util.prefs=ALL-UNNAMED --add-opens=java.prefs/java.util.prefs=ALL-UNNAMED --add-opens=java.base/java.nio.charset=ALL-UNNAMED --add-opens=java.base/java.net=ALL-UNNAMED --add-opens=java.base/java.util.concurrent.atomic=ALL-UNNAMED -Xmx2048m -Dfile.encoding=UTF-8 -Duser.country=PT -Duser.language=pt -Duser.variant org.gradle.launcher.daemon.bootstrap.GradleDaemon 7.0.2

Host: AMD Ryzen 5 2500U with Radeon Vega Mobile Gfx  , 8 cores, 7G,  Windows 10 , 64 bit Build 19041 (10.0.19041.1202)
Time: Wed Oct 27 23:12:44 2021 Hora de Verão de GMT elapsed time: 92.031625 seconds (0d 0h 1m 32s)

---------------  T H R E A D  ---------------

Current thread (0x000002677fdd3000):  JavaThread "C2 CompilerThread0" daemon [_thread_in_native, id=8872, stack(0x0000006fe5a00000,0x0000006fe5b00000)]


Current CompileTask:
C2:  92031 12464       4       javax.management.ObjectName::construct (1135 bytes)

Stack: [0x0000006fe5a00000,0x0000006fe5b00000]
Native frames: (J=compiled Java code, j=interpreted, Vv=VM code, C=native code)
V  [jvm.dll+0x5ecfaa]
V  [jvm.dll+0x722bd5]
V  [jvm.dll+0x72412d]
V  [jvm.dll+0x7247e3]
V  [jvm.dll+0x242928]
V  [jvm.dll+0xbc4fc]
V  [jvm.dll+0xbca0c]
V  [jvm.dll+0x352d7d]
V  [jvm.dll+0x320ad3]
V  [jvm.dll+0x31ffca]
V  [jvm.dll+0x1fb602]
V  [jvm.dll+0x1fa7f4]
V  [jvm.dll+0x18354c]
V  [jvm.dll+0x208ee7]
V  [jvm.dll+0x207731]
V  [jvm.dll+0x6eb1cf]
V  [jvm.dll+0x6e3d45]
V  [jvm.dll+0x5ebe96]
C  [ucrtbase.dll+0x21bb2]
C  [KERNEL32.DLL+0x17034]
C  [ntdll.dll+0x52651]


---------------  P R O C E S S  ---------------

Threads class SMR info:
_java_thread_list=0x0000026717490b90, length=66, elements={
0x0000026774955000, 0x000002677fdb4000, 0x000002677fdb5800, 0x000002677fdcd000,
0x000002677fdcd800, 0x000002677fdcf800, 0x000002677fdd3000, 0x000002677fdd5000,
0x000002677fde1000, 0x000002670f9a4800, 0x000002670f9a5800, 0x000002670f9a3800,
0x000002670f9a6000, 0x000002670f9a3000, 0x000002670f9a0800, 0x000002670f9a7000,
0x000002670f9a1000, 0x000002670f9a2000, 0x0000026711d87000, 0x0000026711d88000,
0x0000026711d85800, 0x0000026711d84800, 0x0000026711d82800, 0x0000026711d83000,
0x0000026711d89000, 0x0000026711d89800, 0x0000026711d84000, 0x0000026711d8d000,
0x0000026711d8d800, 0x0000026711d8b800, 0x0000026711d8e800, 0x0000026711d8f800,
0x0000026711d91000, 0x0000026711d8c000, 0x0000026713169000, 0x0000026713166800,
0x0000026713164800, 0x0000026713165800, 0x0000026713169800, 0x0000026713168000,
0x0000026713167000, 0x0000026713164000, 0x000002671316a800, 0x000002671368f000,
0x0000026713695800, 0x0000026713695000, 0x0000026713691800, 0x0000026713690000,
0x0000026713694000, 0x0000026713693000, 0x0000026712ebb000, 0x0000026712eb5800,
0x0000026712eb9800, 0x0000026712eb6000, 0x0000026712ebc800, 0x0000026712eba800,
0x0000026712ebc000, 0x0000026712eb8000, 0x0000026712eb8800, 0x0000026712eb7000,
0x0000026712ec4000, 0x0000026712ebe800, 0x0000026712ec1800, 0x0000026712ec2800,
0x0000026712ec3000, 0x0000026712ec1000
}

Java Threads: ( => current thread )
  0x0000026774955000 JavaThread "main" [_thread_blocked, id=7300, stack(0x0000006fe4e00000,0x0000006fe4f00000)]
  0x000002677fdb4000 JavaThread "Reference Handler" daemon [_thread_blocked, id=16428, stack(0x0000006fe5500000,0x0000006fe5600000)]
  0x000002677fdb5800 JavaThread "Finalizer" daemon [_thread_blocked, id=9964, stack(0x0000006fe5600000,0x0000006fe5700000)]
  0x000002677fdcd000 JavaThread "Signal Dispatcher" daemon [_thread_blocked, id=16832, stack(0x0000006fe5700000,0x0000006fe5800000)]
  0x000002677fdcd800 JavaThread "Attach Listener" daemon [_thread_blocked, id=14456, stack(0x0000006fe5800000,0x0000006fe5900000)]
  0x000002677fdcf800 JavaThread "Service Thread" daemon [_thread_blocked, id=5708, stack(0x0000006fe5900000,0x0000006fe5a00000)]
=>0x000002677fdd3000 JavaThread "C2 CompilerThread0" daemon [_thread_in_native, id=8872, stack(0x0000006fe5a00000,0x0000006fe5b00000)]
  0x000002677fdd5000 JavaThread "C1 CompilerThread0" daemon [_thread_blocked, id=7380, stack(0x0000006fe5b00000,0x0000006fe5c00000)]
  0x000002677fde1000 JavaThread "Sweeper thread" daemon [_thread_blocked, id=4336, stack(0x0000006fe5c00000,0x0000006fe5d00000)]
  0x000002670f9a4800 JavaThread "Common-Cleaner" daemon [_thread_blocked, id=10944, stack(0x0000006fe5d00000,0x0000006fe5e00000)]
  0x000002670f9a5800 JavaThread "Daemon health stats" [_thread_blocked, id=14952, stack(0x0000006fe6100000,0x0000006fe6200000)]
  0x000002670f9a3800 JavaThread "Incoming local TCP Connector on port 58365" [_thread_in_native, id=3924, stack(0x0000006fe5f00000,0x0000006fe6000000)]
  0x000002670f9a6000 JavaThread "Daemon periodic checks" [_thread_blocked, id=3636, stack(0x0000006fe6200000,0x0000006fe6300000)]
  0x000002670f9a3000 JavaThread "Daemon" [_thread_blocked, id=14240, stack(0x0000006fe6300000,0x0000006fe6400000)]
  0x000002670f9a0800 JavaThread "Handler for socket connection from /127.0.0.1:58365 to /127.0.0.1:58366" [_thread_in_native, id=15536, stack(0x0000006fe6400000,0x0000006fe6500000)]
  0x000002670f9a7000 JavaThread "Cancel handler" [_thread_blocked, id=1116, stack(0x0000006fe6500000,0x0000006fe6600000)]
  0x000002670f9a1000 JavaThread "Daemon worker" [_thread_blocked, id=9820, stack(0x0000006fe6600000,0x0000006fe6700000)]
  0x000002670f9a2000 JavaThread "Asynchronous log dispatcher for DefaultDaemonConnection: socket connection from /127.0.0.1:58365 to /127.0.0.1:58366" [_thread_blocked, id=4180, stack(0x0000006fe6700000,0x0000006fe6800000)]
  0x0000026711d87000 JavaThread "Daemon client event forwarder" [_thread_blocked, id=15408, stack(0x0000006fe6900000,0x0000006fe6a00000)]
  0x0000026711d88000 JavaThread "Cache worker for file hash cache (C:\Users\vitor\.gradle\caches\7.0.2\fileHashes)" [_thread_blocked, id=17476, stack(0x0000006fe7000000,0x0000006fe7100000)]
  0x0000026711d85800 JavaThread "File lock request listener" [_thread_in_native, id=4224, stack(0x0000006fe7100000,0x0000006fe7200000)]
  0x0000026711d84800 JavaThread "Cache worker for journal cache (C:\Users\vitor\.gradle\caches\journal-1)" [_thread_blocked, id=8056, stack(0x0000006fe7300000,0x0000006fe7400000)]
  0x0000026711d82800 JavaThread "Cache worker for file hash cache (C:\Users\vitor\AndroidStudioProjects\Treino_casa\.gradle\7.0.2\fileHashes)" [_thread_blocked, id=15416, stack(0x0000006fe7500000,0x0000006fe7600000)]
  0x0000026711d83000 JavaThread "File watcher server" daemon [_thread_in_native, id=6564, stack(0x0000006fe7600000,0x0000006fe7700000)]
  0x0000026711d89000 JavaThread "File watcher consumer" daemon [_thread_blocked, id=9304, stack(0x0000006fe7700000,0x0000006fe7800000)]
  0x0000026711d89800 JavaThread "Cache worker for checksums cache (C:\Users\vitor\AndroidStudioProjects\Treino_casa\.gradle\checksums)" [_thread_blocked, id=12584, stack(0x0000006fe7800000,0x0000006fe7900000)]
  0x0000026711d84000 JavaThread "Cache worker for cache directory md-supplier (C:\Users\vitor\.gradle\caches\7.0.2\md-supplier)" [_thread_blocked, id=8140, stack(0x0000006fe7900000,0x0000006fe7a00000)]
  0x0000026711d8d000 JavaThread "Cache worker for cache directory md-rule (C:\Users\vitor\.gradle\caches\7.0.2\md-rule)" [_thread_blocked, id=9416, stack(0x0000006fe7a00000,0x0000006fe7b00000)]
  0x0000026711d8d800 JavaThread "Cache worker for execution history cache (C:\Users\vitor\.gradle\caches\7.0.2\executionHistory)" [_thread_blocked, id=7052, stack(0x0000006fe7b00000,0x0000006fe7c00000)]
  0x0000026711d8b800 JavaThread "jar transforms" [_thread_blocked, id=276, stack(0x0000006fe7400000,0x0000006fe7500000)]
  0x0000026711d8e800 JavaThread "jar transforms Thread 2" [_thread_blocked, id=3876, stack(0x0000006fe7c00000,0x0000006fe7d00000)]
  0x0000026711d8f800 JavaThread "Cache worker for file content cache (C:\Users\vitor\.gradle\caches\7.0.2\fileContent)" [_thread_blocked, id=12852, stack(0x0000006fe7d00000,0x0000006fe7e00000)]
  0x0000026711d91000 JavaThread "Cache worker for dependencies-accessors (C:\Users\vitor\AndroidStudioProjects\Treino_casa\.gradle\7.0.2\dependencies-accessors)" [_thread_blocked, id=11796, stack(0x0000006fe7e00000,0x0000006fe7f00000)]
  0x0000026711d8c000 JavaThread "jar transforms Thread 3" [_thread_blocked, id=7112, stack(0x0000006fe7f00000,0x0000006fe8000000)]
  0x0000026713169000 JavaThread "Cache worker for Build Output Cleanup Cache (C:\Users\vitor\AndroidStudioProjects\Treino_casa\.gradle\buildOutputCleanup)" [_thread_blocked, id=4112, stack(0x0000006fe8000000,0x0000006fe8100000)]
  0x0000026713166800 JavaThread "Build operations" [_thread_blocked, id=3748, stack(0x0000006fe8200000,0x0000006fe8300000)]
  0x0000026713164800 JavaThread "Build operations Thread 2" [_thread_blocked, id=8572, stack(0x0000006fe8300000,0x0000006fe8400000)]
  0x0000026713165800 JavaThread "Build operations Thread 3" [_thread_blocked, id=8668, stack(0x0000006fe8400000,0x0000006fe8500000)]
  0x0000026713169800 JavaThread "Build operations Thread 4" [_thread_blocked, id=4608, stack(0x0000006fe8500000,0x0000006fe8600000)]
  0x0000026713168000 JavaThread "Build operations Thread 5" [_thread_blocked, id=6672, stack(0x0000006fe8600000,0x0000006fe8700000)]
  0x0000026713167000 JavaThread "Build operations Thread 6" [_thread_blocked, id=1804, stack(0x0000006fe8700000,0x0000006fe8800000)]
  0x0000026713164000 JavaThread "Build operations Thread 7" [_thread_blocked, id=7708, stack(0x0000006fe8800000,0x0000006fe8900000)]
  0x000002671316a800 JavaThread "Build operations Thread 8" [_thread_blocked, id=9896, stack(0x0000006fe8900000,0x0000006fe8a00000)]
  0x000002671368f000 JavaThread "jar transforms Thread 4" [_thread_blocked, id=16324, stack(0x0000006fe8a00000,0x0000006fe8b00000)]
  0x0000026713695800 JavaThread "jar transforms Thread 5" [_thread_blocked, id=1780, stack(0x0000006fe8b00000,0x0000006fe8c00000)]
  0x0000026713695000 JavaThread "jar transforms Thread 6" [_thread_blocked, id=9748, stack(0x0000006fe8c00000,0x0000006fe8d00000)]
  0x0000026713691800 JavaThread "jar transforms Thread 7" [_thread_blocked, id=1732, stack(0x0000006fe8d00000,0x0000006fe8e00000)]
  0x0000026713690000 JavaThread "jar transforms Thread 8" [_thread_blocked, id=16732, stack(0x0000006fe8e00000,0x0000006fe8f00000)]
  0x0000026713694000 JavaThread "Memory manager" [_thread_blocked, id=18232, stack(0x0000006fe8f00000,0x0000006fe9000000)]
  0x0000026713693000 JavaThread "build event listener" [_thread_blocked, id=15668, stack(0x0000006fe9200000,0x0000006fe9300000)]
  0x0000026712ebb000 JavaThread "pool-3-thread-1" [_thread_blocked, id=17900, stack(0x0000006fe9300000,0x0000006fe9400000)]
  0x0000026712eb5800 JavaThread "build event listener" [_thread_blocked, id=15460, stack(0x0000006fe9400000,0x0000006fe9500000)]
  0x0000026712eb9800 JavaThread "Execution worker for ':'" [_thread_blocked, id=3248, stack(0x0000006fe9100000,0x0000006fe9200000)]
  0x0000026712eb6000 JavaThread "Execution worker for ':' Thread 2" [_thread_blocked, id=11868, stack(0x0000006fe9500000,0x0000006fe9600000)]
  0x0000026712ebc800 JavaThread "Execution worker for ':' Thread 3" [_thread_blocked, id=1420, stack(0x0000006fe9600000,0x0000006fe9700000)]
  0x0000026712eba800 JavaThread "Execution worker for ':' Thread 4" [_thread_blocked, id=4984, stack(0x0000006fe9700000,0x0000006fe9800000)]
  0x0000026712ebc000 JavaThread "Execution worker for ':' Thread 5" [_thread_blocked, id=7896, stack(0x0000006fe9800000,0x0000006fe9900000)]
  0x0000026712eb8000 JavaThread "Execution worker for ':' Thread 6" [_thread_blocked, id=16044, stack(0x0000006fe9900000,0x0000006fe9a00000)]
  0x0000026712eb8800 JavaThread "Execution worker for ':' Thread 7" [_thread_blocked, id=15100, stack(0x0000006fe9a00000,0x0000006fe9b00000)]
  0x0000026712eb7000 JavaThread "Cache worker for execution history cache (C:\Users\vitor\AndroidStudioProjects\Treino_casa\.gradle\7.0.2\executionHistory)" [_thread_blocked, id=13176, stack(0x0000006fe9b00000,0x0000006fe9c00000)]
  0x0000026712ec4000 JavaThread "WorkerExecutor Queue" [_thread_in_native, id=6176, stack(0x0000006fe9d00000,0x0000006fe9e00000)]
  0x0000026712ebe800 JavaThread "WorkerExecutor Queue Thread 2" [_thread_blocked, id=8168, stack(0x0000006fe9c00000,0x0000006fe9d00000)]
  0x0000026712ec1800 JavaThread "WorkerExecutor Queue Thread 3" [_thread_blocked, id=8976, stack(0x0000006fe9e00000,0x0000006fe9f00000)]
  0x0000026712ec2800 JavaThread "pool-4-thread-1" [_thread_blocked, id=11700, stack(0x0000006fe9f00000,0x0000006fea000000)]
  0x0000026712ec3000 JavaThread "stderr" [_thread_in_native, id=12272, stack(0x0000006fea000000,0x0000006fea100000)]
  0x0000026712ec1000 JavaThread "stdout" [_thread_in_native, id=15580, stack(0x0000006fea100000,0x0000006fea200000)]

Other Threads:
  0x000002677fdaa000 VMThread "VM Thread" [stack: 0x0000006fe5400000,0x0000006fe5500000] [id=3240]
  0x000002670f9cb000 WatcherThread [stack: 0x0000006fe5e00000,0x0000006fe5f00000] [id=17812]
  0x0000026774967000 GCTaskThread "GC Thread#0" [stack: 0x0000006fe4f00000,0x0000006fe5000000] [id=10212]
  0x000002671057b000 GCTaskThread "GC Thread#1" [stack: 0x0000006fe6000000,0x0000006fe6100000] [id=17664]
  0x00000267109a5000 GCTaskThread "GC Thread#2" [stack: 0x0000006fe6a00000,0x0000006fe6b00000] [id=15992]
  0x0000026711a91800 GCTaskThread "GC Thread#3" [stack: 0x0000006fe6b00000,0x0000006fe6c00000] [id=16796]
  0x0000026710429800 GCTaskThread "GC Thread#4" [stack: 0x0000006fe6c00000,0x0000006fe6d00000] [id=5360]
  0x0000026710551000 GCTaskThread "GC Thread#5" [stack: 0x0000006fe6d00000,0x0000006fe6e00000] [id=16308]
  0x00000267105ad000 GCTaskThread "GC Thread#6" [stack: 0x0000006fe6e00000,0x0000006fe6f00000] [id=2092]
  0x000002671127d000 GCTaskThread "GC Thread#7" [stack: 0x0000006fe6f00000,0x0000006fe7000000] [id=7940]
  0x0000026774997000 ConcurrentGCThread "G1 Main Marker" [stack: 0x0000006fe5000000,0x0000006fe5100000] [id=3928]
  0x0000026774998800 ConcurrentGCThread "G1 Conc#0" [stack: 0x0000006fe5100000,0x0000006fe5200000] [id=8348]
  0x0000026711fa8800 ConcurrentGCThread "G1 Conc#1" [stack: 0x0000006fe7200000,0x0000006fe7300000] [id=1600]
  0x0000026774a29800 ConcurrentGCThread "G1 Refine#0" [stack: 0x0000006fe5200000,0x0000006fe5300000] [id=17140]
  0x0000026719f89000 ConcurrentGCThread "G1 Refine#1" [stack: 0x0000006feab00000,0x0000006feac00000] [id=5604]
  0x0000026774a2a800 ConcurrentGCThread "G1 Young RemSet Sampling" [stack: 0x0000006fe5300000,0x0000006fe5400000] [id=11364]

Threads with active compile tasks:
C2 CompilerThread0  92925 12464       4       javax.management.ObjectName::construct (1135 bytes)

VM state:not at safepoint (normal execution)

VM Mutex/Monitor currently owned by a thread: None

Heap address: 0x0000000080000000, size: 2048 MB, Compressed Oops mode: 32-bit
Narrow klass base: 0x0000000000000000, Narrow klass shift: 3
Compressed class space size: 1073741824 Address: 0x0000000100000000

Heap:
 garbage-first heap   total 359424K, used 219568K [0x0000000080000000, 0x0000000100000000)
  region size 1024K, 79 young (80896K), 9 survivors (9216K)
 Metaspace       used 95974K, capacity 98582K, committed 98892K, reserved 1134592K
  class space    used 12565K, capacity 13512K, committed 13644K, reserved 1048576K
Heap Regions: E=young(eden), S=young(survivor), O=old, HS=humongous(starts), HC=humongous(continues), CS=collection set, F=free, A=archive, TAMS=top-at-mark-start (previous, next)
|   0|0x0000000080000000, 0x0000000080100000, 0x0000000080100000|100%| O|  |TAMS 0x0000000080100000, 0x0000000080000000| Untracked 
|   1|0x0000000080100000, 0x0000000080200000, 0x0000000080200000|100%| O|  |TAMS 0x0000000080200000, 0x0000000080100000| Untracked 
|   2|0x0000000080200000, 0x0000000080300000, 0x0000000080300000|100%| O|  |TAMS 0x0000000080300000, 0x0000000080200000| Untracked 
|   3|0x0000000080300000, 0x0000000080400000, 0x0000000080400000|100%|HS|  |TAMS 0x0000000080400000, 0x0000000080300000| Complete 
|   4|0x0000000080400000, 0x0000000080500000, 0x0000000080500000|100%|HC|  |TAMS 0x0000000080500000, 0x0000000080400000| Complete 
|   5|0x0000000080500000, 0x0000000080600000, 0x0000000080600000|100%|HC|  |TAMS 0x0000000080600000, 0x0000000080500000| Complete 
|   6|0x0000000080600000, 0x0000000080700000, 0x0000000080700000|100%| O|  |TAMS 0x0000000080700000, 0x0000000080600000| Untracked 
|   7|0x0000000080700000, 0x0000000080800000, 0x0000000080800000|100%| O|  |TAMS 0x0000000080800000, 0x0000000080700000| Untracked 
|   8|0x0000000080800000, 0x0000000080900000, 0x0000000080900000|100%| O|  |TAMS 0x0000000080900000, 0x0000000080800000| Untracked 
|   9|0x0000000080900000, 0x0000000080a00000, 0x0000000080a00000|100%| O|  |TAMS 0x0000000080a00000, 0x0000000080900000| Untracked 
|  10|0x0000000080a00000, 0x0000000080b00000, 0x0000000080b00000|100%| O|  |TAMS 0x0000000080b00000, 0x0000000080a00000| Untracked 
|  11|0x0000000080b00000, 0x0000000080c00000, 0x0000000080c00000|100%| O|  |TAMS 0x0000000080c00000, 0x0000000080b00000| Untracked 
|  12|0x0000000080c00000, 0x0000000080d00000, 0x0000000080d00000|100%| O|  |TAMS 0x0000000080d00000, 0x0000000080c00000| Untracked 
|  13|0x0000000080d00000, 0x0000000080e00000, 0x0000000080e00000|100%| O|  |TAMS 0x0000000080e00000, 0x0000000080d00000| Untracked 
|  14|0x0000000080e00000, 0x0000000080f00000, 0x0000000080f00000|100%| O|  |TAMS 0x0000000080f00000, 0x0000000080e00000| Untracked 
|  15|0x0000000080f00000, 0x0000000081000000, 0x0000000081000000|100%| O|  |TAMS 0x0000000081000000, 0x0000000080f00000| Untracked 
|  16|0x0000000081000000, 0x0000000081100000, 0x0000000081100000|100%| O|  |TAMS 0x0000000081100000, 0x0000000081000000| Untracked 
|  17|0x0000000081100000, 0x0000000081200000, 0x0000000081200000|100%|HS|  |TAMS 0x0000000081200000, 0x0000000081100000| Complete 
|  18|0x0000000081200000, 0x0000000081300000, 0x0000000081300000|100%| O|  |TAMS 0x0000000081300000, 0x0000000081200000| Untracked 
|  19|0x0000000081300000, 0x0000000081400000, 0x0000000081400000|100%| O|  |TAMS 0x0000000081400000, 0x0000000081300000| Untracked 
|  20|0x0000000081400000, 0x0000000081500000, 0x0000000081500000|100%| O|  |TAMS 0x0000000081500000, 0x0000000081400000| Untracked 
|  21|0x0000000081500000, 0x0000000081600000, 0x0000000081600000|100%| O|  |TAMS 0x0000000081600000, 0x0000000081500000| Untracked 
|  22|0x0000000081600000, 0x0000000081700000, 0x0000000081700000|100%| O|  |TAMS 0x0000000081700000, 0x0000000081600000| Untracked 
|  23|0x0000000081700000, 0x0000000081800000, 0x0000000081800000|100%| O|  |TAMS 0x0000000081800000, 0x0000000081700000| Untracked 
|  24|0x0000000081800000, 0x0000000081900000, 0x0000000081900000|100%| O|  |TAMS 0x0000000081900000, 0x0000000081800000| Untracked 
|  25|0x0000000081900000, 0x0000000081a00000, 0x0000000081a00000|100%| O|  |TAMS 0x0000000081a00000, 0x0000000081900000| Untracked 
|  26|0x0000000081a00000, 0x0000000081b00000, 0x0000000081b00000|100%| O|  |TAMS 0x0000000081b00000, 0x0000000081a00000| Untracked 
|  27|0x0000000081b00000, 0x0000000081c00000, 0x0000000081c00000|100%| O|  |TAMS 0x0000000081c00000, 0x0000000081b00000| Untracked 
|  28|0x0000000081c00000, 0x0000000081d00000, 0x0000000081d00000|100%|HS|  |TAMS 0x0000000081d00000, 0x0000000081c00000| Complete 
|  29|0x0000000081d00000, 0x0000000081e00000, 0x0000000081e00000|100%|HS|  |TAMS 0x0000000081e00000, 0x0000000081d00000| Complete 
|  30|0x0000000081e00000, 0x0000000081f00000, 0x0000000081f00000|100%|HC|  |TAMS 0x0000000081f00000, 0x0000000081e00000| Complete 
|  31|0x0000000081f00000, 0x0000000082000000, 0x0000000082000000|100%| O|  |TAMS 0x0000000082000000, 0x0000000081f00000| Untracked 
|  32|0x0000000082000000, 0x0000000082100000, 0x0000000082100000|100%| O|  |TAMS 0x0000000082100000, 0x0000000082000000| Untracked 
|  33|0x0000000082100000, 0x0000000082200000, 0x0000000082200000|100%| O|  |TAMS 0x0000000082200000, 0x0000000082100000| Untracked 
|  34|0x0000000082200000, 0x0000000082300000, 0x0000000082300000|100%| O|  |TAMS 0x0000000082300000, 0x0000000082200000| Untracked 
|  35|0x0000000082300000, 0x0000000082400000, 0x0000000082400000|100%| O|  |TAMS 0x0000000082400000, 0x0000000082300000| Untracked 
|  36|0x0000000082400000, 0x0000000082500000, 0x0000000082500000|100%| O|  |TAMS 0x0000000082500000, 0x0000000082400000| Untracked 
|  37|0x0000000082500000, 0x0000000082600000, 0x0000000082600000|100%| O|  |TAMS 0x0000000082600000, 0x0000000082500000| Untracked 
|  38|0x0000000082600000, 0x0000000082700000, 0x0000000082700000|100%|HS|  |TAMS 0x0000000082600000, 0x0000000082600000| Complete 
|  39|0x0000000082700000, 0x0000000082800000, 0x0000000082800000|100%| O|  |TAMS 0x0000000082800000, 0x0000000082700000| Untracked 
|  40|0x0000000082800000, 0x0000000082900000, 0x0000000082900000|100%| O|  |TAMS 0x0000000082900000, 0x0000000082800000| Untracked 
|  41|0x0000000082900000, 0x0000000082a00000, 0x0000000082a00000|100%| O|  |TAMS 0x0000000082a00000, 0x0000000082900000| Untracked 
|  42|0x0000000082a00000, 0x0000000082b00000, 0x0000000082b00000|100%| O|  |TAMS 0x0000000082b00000, 0x0000000082a00000| Untracked 
|  43|0x0000000082b00000, 0x0000000082c00000, 0x0000000082c00000|100%| O|  |TAMS 0x0000000082c00000, 0x0000000082b00000| Untracked 
|  44|0x0000000082c00000, 0x0000000082d00000, 0x0000000082d00000|100%| O|  |TAMS 0x0000000082d00000, 0x0000000082c00000| Untracked 
|  45|0x0000000082d00000, 0x0000000082e00000, 0x0000000082e00000|100%| O|  |TAMS 0x0000000082e00000, 0x0000000082d00000| Untracked 
|  46|0x0000000082e00000, 0x0000000082f00000, 0x0000000082f00000|100%| O|  |TAMS 0x0000000082f00000, 0x0000000082e00000| Untracked 
|  47|0x0000000082f00000, 0x0000000083000000, 0x0000000083000000|100%| O|  |TAMS 0x0000000083000000, 0x0000000082f00000| Untracked 
|  48|0x0000000083000000, 0x0000000083100000, 0x0000000083100000|100%| O|  |TAMS 0x0000000083100000, 0x0000000083000000| Untracked 
|  49|0x0000000083100000, 0x0000000083200000, 0x0000000083200000|100%| O|  |TAMS 0x0000000083200000, 0x0000000083100000| Untracked 
|  50|0x0000000083200000, 0x0000000083300000, 0x0000000083300000|100%| O|  |TAMS 0x0000000083300000, 0x0000000083200000| Untracked 
|  51|0x0000000083300000, 0x0000000083400000, 0x0000000083400000|100%| O|  |TAMS 0x0000000083400000, 0x0000000083300000| Untracked 
|  52|0x0000000083400000, 0x0000000083500000, 0x0000000083500000|100%| O|  |TAMS 0x0000000083500000, 0x0000000083400000| Untracked 
|  53|0x0000000083500000, 0x0000000083600000, 0x0000000083600000|100%| O|  |TAMS 0x0000000083600000, 0x0000000083500000| Untracked 
|  54|0x0000000083600000, 0x0000000083700000, 0x0000000083700000|100%| O|  |TAMS 0x0000000083700000, 0x0000000083600000| Untracked 
|  55|0x0000000083700000, 0x0000000083800000, 0x0000000083800000|100%| O|  |TAMS 0x0000000083800000, 0x0000000083700000| Untracked 
|  56|0x0000000083800000, 0x0000000083900000, 0x0000000083900000|100%| O|  |TAMS 0x0000000083900000, 0x0000000083800000| Untracked 
|  57|0x0000000083900000, 0x0000000083a00000, 0x0000000083a00000|100%| O|  |TAMS 0x0000000083a00000, 0x0000000083900000| Untracked 
|  58|0x0000000083a00000, 0x0000000083b00000, 0x0000000083b00000|100%| O|  |TAMS 0x0000000083b00000, 0x0000000083a00000| Untracked 
|  59|0x0000000083b00000, 0x0000000083c00000, 0x0000000083c00000|100%| O|  |TAMS 0x0000000083c00000, 0x0000000083b00000| Untracked 
|  60|0x0000000083c00000, 0x0000000083d00000, 0x0000000083d00000|100%|HS|  |TAMS 0x0000000083c00000, 0x0000000083c00000| Complete 
|  61|0x0000000083d00000, 0x0000000083e00000, 0x0000000083e00000|100%| O|  |TAMS 0x0000000083e00000, 0x0000000083d00000| Untracked 
|  62|0x0000000083e00000, 0x0000000083f00000, 0x0000000083f00000|100%| O|  |TAMS 0x0000000083f00000, 0x0000000083e00000| Untracked 
|  63|0x0000000083f00000, 0x0000000084000000, 0x0000000084000000|100%| O|  |TAMS 0x0000000084000000, 0x0000000083f00000| Untracked 
|  64|0x0000000084000000, 0x0000000084100000, 0x0000000084100000|100%| O|  |TAMS 0x0000000084100000, 0x0000000084000000| Untracked 
|  65|0x0000000084100000, 0x0000000084200000, 0x0000000084200000|100%| O|  |TAMS 0x0000000084200000, 0x0000000084100000| Untracked 
|  66|0x0000000084200000, 0x0000000084300000, 0x0000000084300000|100%| O|  |TAMS 0x0000000084300000, 0x0000000084200000| Untracked 
|  67|0x0000000084300000, 0x0000000084400000, 0x0000000084400000|100%| O|  |TAMS 0x0000000084400000, 0x0000000084300000| Untracked 
|  68|0x0000000084400000, 0x0000000084500000, 0x0000000084500000|100%|HS|  |TAMS 0x0000000084500000, 0x0000000084400000| Complete 
|  69|0x0000000084500000, 0x0000000084600000, 0x0000000084600000|100%|HC|  |TAMS 0x0000000084600000, 0x0000000084500000| Complete 
|  70|0x0000000084600000, 0x0000000084700000, 0x0000000084700000|100%| O|  |TAMS 0x0000000084700000, 0x0000000084600000| Untracked 
|  71|0x0000000084700000, 0x0000000084800000, 0x0000000084800000|100%| O|  |TAMS 0x0000000084800000, 0x0000000084700000| Untracked 
|  72|0x0000000084800000, 0x0000000084900000, 0x0000000084900000|100%|HS|  |TAMS 0x0000000084900000, 0x0000000084800000| Complete 
|  73|0x0000000084900000, 0x0000000084a00000, 0x0000000084a00000|100%|HS|  |TAMS 0x0000000084a00000, 0x0000000084900000| Complete 
|  74|0x0000000084a00000, 0x0000000084b00000, 0x0000000084b00000|100%| O|  |TAMS 0x0000000084b00000, 0x0000000084a00000| Untracked 
|  75|0x0000000084b00000, 0x0000000084c00000, 0x0000000084c00000|100%| O|  |TAMS 0x0000000084c00000, 0x0000000084b00000| Untracked 
|  76|0x0000000084c00000, 0x0000000084d00000, 0x0000000084d00000|100%|HS|  |TAMS 0x0000000084c00000, 0x0000000084c00000| Complete 
|  77|0x0000000084d00000, 0x0000000084e00000, 0x0000000084e00000|100%|HS|  |TAMS 0x0000000084e00000, 0x0000000084d00000| Complete 
|  78|0x0000000084e00000, 0x0000000084f00000, 0x0000000084f00000|100%| O|  |TAMS 0x0000000084f00000, 0x0000000084e00000| Untracked 
|  79|0x0000000084f00000, 0x0000000085000000, 0x0000000085000000|100%| O|  |TAMS 0x0000000085000000, 0x0000000084f00000| Untracked 
|  80|0x0000000085000000, 0x0000000085100000, 0x0000000085100000|100%| O|  |TAMS 0x0000000085000000, 0x0000000085000000| Untracked 
|  81|0x0000000085100000, 0x0000000085200000, 0x0000000085200000|100%| O|  |TAMS 0x0000000085100000, 0x0000000085100000| Untracked 
|  82|0x0000000085200000, 0x0000000085300000, 0x0000000085300000|100%| O|  |TAMS 0x0000000085300000, 0x0000000085200000| Untracked 
|  83|0x0000000085300000, 0x0000000085400000, 0x0000000085400000|100%| O|  |TAMS 0x0000000085300000, 0x0000000085300000| Untracked 
|  84|0x0000000085400000, 0x0000000085500000, 0x0000000085500000|100%| O|  |TAMS 0x0000000085500000, 0x0000000085400000| Untracked 
|  85|0x0000000085500000, 0x0000000085600000, 0x0000000085600000|100%| O|  |TAMS 0x0000000085500000, 0x0000000085500000| Untracked 
|  86|0x0000000085600000, 0x0000000085700000, 0x0000000085700000|100%| O|  |TAMS 0x0000000085700000, 0x0000000085600000| Untracked 
|  87|0x0000000085700000, 0x0000000085800000, 0x0000000085800000|100%| O|  |TAMS 0x0000000085700000, 0x0000000085700000| Untracked 
|  88|0x0000000085800000, 0x0000000085900000, 0x0000000085900000|100%| O|  |TAMS 0x0000000085900000, 0x0000000085800000| Untracked 
|  89|0x0000000085900000, 0x0000000085a00000, 0x0000000085a00000|100%|HS|  |TAMS 0x0000000085900000, 0x0000000085900000| Complete 
|  90|0x0000000085a00000, 0x0000000085b00000, 0x0000000085b00000|100%| O|  |TAMS 0x0000000085b00000, 0x0000000085a00000| Untracked 
|  91|0x0000000085b00000, 0x0000000085c00000, 0x0000000085c00000|100%| O|  |TAMS 0x0000000085c00000, 0x0000000085b00000| Untracked 
|  92|0x0000000085c00000, 0x0000000085d00000, 0x0000000085d00000|100%| O|  |TAMS 0x0000000085d00000, 0x0000000085c00000| Untracked 
|  93|0x0000000085d00000, 0x0000000085e00000, 0x0000000085e00000|100%| O|  |TAMS 0x0000000085e00000, 0x0000000085d00000| Untracked 
|  94|0x0000000085e00000, 0x0000000085f00000, 0x0000000085f00000|100%| O|  |TAMS 0x0000000085f00000, 0x0000000085e00000| Untracked 
|  95|0x0000000085f00000, 0x0000000086000000, 0x0000000086000000|100%| O|  |TAMS 0x0000000086000000, 0x0000000085f00000| Untracked 
|  96|0x0000000086000000, 0x0000000086100000, 0x0000000086100000|100%| O|  |TAMS 0x0000000086100000, 0x0000000086000000| Untracked 
|  97|0x0000000086100000, 0x0000000086200000, 0x0000000086200000|100%| O|  |TAMS 0x0000000086200000, 0x0000000086100000| Untracked 
|  98|0x0000000086200000, 0x0000000086300000, 0x0000000086300000|100%| O|  |TAMS 0x0000000086300000, 0x0000000086200000| Untracked 
|  99|0x0000000086300000, 0x0000000086400000, 0x0000000086400000|100%| O|  |TAMS 0x0000000086400000, 0x0000000086300000| Untracked 
| 100|0x0000000086400000, 0x0000000086500000, 0x0000000086500000|100%| O|  |TAMS 0x0000000086500000, 0x0000000086400000| Untracked 
| 101|0x0000000086500000, 0x0000000086600000, 0x0000000086600000|100%| O|  |TAMS 0x0000000086600000, 0x0000000086500000| Untracked 
| 102|0x0000000086600000, 0x0000000086700000, 0x0000000086700000|100%| O|  |TAMS 0x0000000086700000, 0x0000000086600000| Untracked 
| 103|0x0000000086700000, 0x0000000086800000, 0x0000000086800000|100%| O|  |TAMS 0x0000000086800000, 0x0000000086700000| Untracked 
| 104|0x0000000086800000, 0x0000000086900000, 0x0000000086900000|100%| O|  |TAMS 0x0000000086900000, 0x0000000086800000| Untracked 
| 105|0x0000000086900000, 0x0000000086a00000, 0x0000000086a00000|100%| O|  |TAMS 0x0000000086a00000, 0x0000000086900000| Untracked 
| 106|0x0000000086a00000, 0x0000000086b00000, 0x0000000086b00000|100%| O|  |TAMS 0x0000000086b00000, 0x0000000086a00000| Untracked 
| 107|0x0000000086b00000, 0x0000000086c00000, 0x0000000086c00000|100%|HS|  |TAMS 0x0000000086b00000, 0x0000000086b00000| Complete 
| 108|0x0000000086c00000, 0x0000000086d00000, 0x0000000086d00000|100%| O|  |TAMS 0x0000000086d00000, 0x0000000086c00000| Untracked 
| 109|0x0000000086d00000, 0x0000000086e00000, 0x0000000086e00000|100%| O|  |TAMS 0x0000000086e00000, 0x0000000086d00000| Untracked 
| 110|0x0000000086e00000, 0x0000000086f00000, 0x0000000086f00000|100%| O|  |TAMS 0x0000000086f00000, 0x0000000086e00000| Untracked 
| 111|0x0000000086f00000, 0x0000000087000000, 0x0000000087000000|100%| O|  |TAMS 0x0000000087000000, 0x0000000086f00000| Untracked 
| 112|0x0000000087000000, 0x0000000087100000, 0x0000000087100000|100%| O|  |TAMS 0x0000000087100000, 0x0000000087000000| Untracked 
| 113|0x0000000087100000, 0x0000000087200000, 0x0000000087200000|100%| O|  |TAMS 0x0000000087200000, 0x0000000087100000| Untracked 
| 114|0x0000000087200000, 0x0000000087300000, 0x0000000087300000|100%| O|  |TAMS 0x0000000087300000, 0x0000000087200000| Untracked 
| 115|0x0000000087300000, 0x0000000087400000, 0x0000000087400000|100%| O|  |TAMS 0x0000000087400000, 0x0000000087300000| Untracked 
| 116|0x0000000087400000, 0x0000000087500000, 0x0000000087500000|100%|HS|  |TAMS 0x0000000087400000, 0x0000000087400000| Complete 
| 117|0x0000000087500000, 0x0000000087600000, 0x0000000087600000|100%| O|  |TAMS 0x0000000087600000, 0x0000000087500000| Untracked 
| 118|0x0000000087600000, 0x0000000087700000, 0x0000000087700000|100%| O|  |TAMS 0x0000000087700000, 0x0000000087600000| Untracked 
| 119|0x0000000087700000, 0x0000000087800000, 0x0000000087800000|100%|HS|  |TAMS 0x0000000087700000, 0x0000000087700000| Complete 
| 120|0x0000000087800000, 0x0000000087900000, 0x0000000087900000|100%| O|  |TAMS 0x0000000087900000, 0x0000000087800000| Untracked 
| 121|0x0000000087900000, 0x0000000087a00000, 0x0000000087a00000|100%| O|  |TAMS 0x00000000879e6600, 0x0000000087900000| Untracked 
| 122|0x0000000087a00000, 0x0000000087a00000, 0x0000000087b00000|  0%| F|  |TAMS 0x0000000087a00000, 0x0000000087a00000| Untracked 
| 123|0x0000000087b00000, 0x0000000087c00000, 0x0000000087c00000|100%| O|  |TAMS 0x0000000087c00000, 0x0000000087b00000| Untracked 
| 124|0x0000000087c00000, 0x0000000087d00000, 0x0000000087d00000|100%| O|  |TAMS 0x0000000087d00000, 0x0000000087c00000| Untracked 
| 125|0x0000000087d00000, 0x0000000087d00000, 0x0000000087e00000|  0%| F|  |TAMS 0x0000000087d00000, 0x0000000087d00000| Untracked 
| 126|0x0000000087e00000, 0x0000000087f00000, 0x0000000087f00000|100%| O|  |TAMS 0x0000000087f00000, 0x0000000087e00000| Untracked 
| 127|0x0000000087f00000, 0x0000000088000000, 0x0000000088000000|100%| O|  |TAMS 0x0000000088000000, 0x0000000087f00000| Untracked 
| 128|0x0000000088000000, 0x0000000088000000, 0x0000000088100000|  0%| F|  |TAMS 0x0000000088000000, 0x0000000088000000| Untracked 
| 129|0x0000000088100000, 0x0000000088200000, 0x0000000088200000|100%| O|  |TAMS 0x0000000088100000, 0x0000000088100000| Untracked 
| 130|0x0000000088200000, 0x0000000088300000, 0x0000000088300000|100%| O|  |TAMS 0x0000000088200000, 0x0000000088200000| Untracked 
| 131|0x0000000088300000, 0x0000000088400000, 0x0000000088400000|100%| O|  |TAMS 0x0000000088300000, 0x0000000088300000| Untracked 
| 132|0x0000000088400000, 0x0000000088500000, 0x0000000088500000|100%| O|  |TAMS 0x0000000088400000, 0x0000000088400000| Untracked 
| 133|0x0000000088500000, 0x00000000885c0a00, 0x0000000088600000| 75%| O|  |TAMS 0x0000000088500000, 0x0000000088500000| Untracked 
| 134|0x0000000088600000, 0x0000000088700000, 0x0000000088700000|100%|HS|  |TAMS 0x0000000088600000, 0x0000000088600000| Complete 
| 135|0x0000000088700000, 0x0000000088800000, 0x0000000088800000|100%|HC|  |TAMS 0x0000000088700000, 0x0000000088700000| Complete 
| 136|0x0000000088800000, 0x0000000088900000, 0x0000000088900000|100%|HC|  |TAMS 0x0000000088800000, 0x0000000088800000| Complete 
| 137|0x0000000088900000, 0x0000000088a00000, 0x0000000088a00000|100%|HC|  |TAMS 0x0000000088900000, 0x0000000088900000| Complete 
| 138|0x0000000088a00000, 0x0000000088b00000, 0x0000000088b00000|100%|HC|  |TAMS 0x0000000088a00000, 0x0000000088a00000| Complete 
| 139|0x0000000088b00000, 0x0000000088c00000, 0x0000000088c00000|100%|HC|  |TAMS 0x0000000088b00000, 0x0000000088b00000| Complete 
| 140|0x0000000088c00000, 0x0000000088c00000, 0x0000000088d00000|  0%| F|  |TAMS 0x0000000088c00000, 0x0000000088c00000| Untracked 
| 141|0x0000000088d00000, 0x0000000088d00000, 0x0000000088e00000|  0%| F|  |TAMS 0x0000000088d00000, 0x0000000088d00000| Untracked 
| 142|0x0000000088e00000, 0x0000000088e00000, 0x0000000088f00000|  0%| F|  |TAMS 0x0000000088e00000, 0x0000000088e00000| Untracked 
| 143|0x0000000088f00000, 0x0000000088f00000, 0x0000000089000000|  0%| F|  |TAMS 0x0000000088f00000, 0x0000000088f00000| Untracked 
| 144|0x0000000089000000, 0x0000000089000000, 0x0000000089100000|  0%| F|  |TAMS 0x0000000089000000, 0x0000000089000000| Untracked 
| 145|0x0000000089100000, 0x0000000089100000, 0x0000000089200000|  0%| F|  |TAMS 0x0000000089100000, 0x0000000089100000| Untracked 
| 146|0x0000000089200000, 0x0000000089200000, 0x0000000089300000|  0%| F|  |TAMS 0x0000000089200000, 0x0000000089200000| Untracked 
| 147|0x0000000089300000, 0x0000000089300000, 0x0000000089400000|  0%| F|  |TAMS 0x0000000089300000, 0x0000000089300000| Untracked 
| 148|0x0000000089400000, 0x0000000089400000, 0x0000000089500000|  0%| F|  |TAMS 0x0000000089400000, 0x0000000089400000| Untracked 
| 149|0x0000000089500000, 0x0000000089500000, 0x0000000089600000|  0%| F|  |TAMS 0x0000000089500000, 0x0000000089500000| Untracked 
| 150|0x0000000089600000, 0x0000000089600000, 0x0000000089700000|  0%| F|  |TAMS 0x0000000089600000, 0x0000000089600000| Untracked 
| 151|0x0000000089700000, 0x0000000089700000, 0x0000000089800000|  0%| F|  |TAMS 0x0000000089700000, 0x0000000089700000| Untracked 
| 152|0x0000000089800000, 0x0000000089800000, 0x0000000089900000|  0%| F|  |TAMS 0x0000000089800000, 0x0000000089800000| Untracked 
| 153|0x0000000089900000, 0x0000000089900000, 0x0000000089a00000|  0%| F|  |TAMS 0x0000000089900000, 0x0000000089900000| Untracked 
| 154|0x0000000089a00000, 0x0000000089a00000, 0x0000000089b00000|  0%| F|  |TAMS 0x0000000089a00000, 0x0000000089a00000| Untracked 
| 155|0x0000000089b00000, 0x0000000089b00000, 0x0000000089c00000|  0%| F|  |TAMS 0x0000000089b00000, 0x0000000089b00000| Untracked 
| 156|0x0000000089c00000, 0x0000000089c00000, 0x0000000089d00000|  0%| F|  |TAMS 0x0000000089c00000, 0x0000000089c00000| Untracked 
| 157|0x0000000089d00000, 0x0000000089d00000, 0x0000000089e00000|  0%| F|  |TAMS 0x0000000089d00000, 0x0000000089d00000| Untracked 
| 158|0x0000000089e00000, 0x0000000089e00000, 0x0000000089f00000|  0%| F|  |TAMS 0x0000000089e00000, 0x0000000089e00000| Untracked 
| 159|0x0000000089f00000, 0x0000000089f00000, 0x000000008a000000|  0%| F|  |TAMS 0x0000000089f00000, 0x0000000089f00000| Untracked 
| 160|0x000000008a000000, 0x000000008a000000, 0x000000008a100000|  0%| F|  |TAMS 0x000000008a000000, 0x000000008a000000| Untracked 
| 161|0x000000008a100000, 0x000000008a100000, 0x000000008a200000|  0%| F|  |TAMS 0x000000008a100000, 0x000000008a100000| Untracked 
| 162|0x000000008a200000, 0x000000008a200000, 0x000000008a300000|  0%| F|  |TAMS 0x000000008a200000, 0x000000008a200000| Untracked 
| 163|0x000000008a300000, 0x000000008a300000, 0x000000008a400000|  0%| F|  |TAMS 0x000000008a300000, 0x000000008a300000| Untracked 
| 164|0x000000008a400000, 0x000000008a400000, 0x000000008a500000|  0%| F|  |TAMS 0x000000008a400000, 0x000000008a400000| Untracked 
| 165|0x000000008a500000, 0x000000008a500000, 0x000000008a600000|  0%| F|  |TAMS 0x000000008a500000, 0x000000008a500000| Untracked 
| 166|0x000000008a600000, 0x000000008a600000, 0x000000008a700000|  0%| F|  |TAMS 0x000000008a600000, 0x000000008a600000| Untracked 
| 167|0x000000008a700000, 0x000000008a700000, 0x000000008a800000|  0%| F|  |TAMS 0x000000008a700000, 0x000000008a700000| Untracked 
| 168|0x000000008a800000, 0x000000008a800000, 0x000000008a900000|  0%| F|  |TAMS 0x000000008a800000, 0x000000008a800000| Untracked 
| 169|0x000000008a900000, 0x000000008a900000, 0x000000008aa00000|  0%| F|  |TAMS 0x000000008a900000, 0x000000008a900000| Untracked 
| 170|0x000000008aa00000, 0x000000008aa00000, 0x000000008ab00000|  0%| F|  |TAMS 0x000000008aa00000, 0x000000008aa00000| Untracked 
| 171|0x000000008ab00000, 0x000000008ab00000, 0x000000008ac00000|  0%| F|  |TAMS 0x000000008ab00000, 0x000000008ab00000| Untracked 
| 172|0x000000008ac00000, 0x000000008ac00000, 0x000000008ad00000|  0%| F|  |TAMS 0x000000008ac00000, 0x000000008ac00000| Untracked 
| 173|0x000000008ad00000, 0x000000008ad00000, 0x000000008ae00000|  0%| F|  |TAMS 0x000000008ad00000, 0x000000008ad00000| Untracked 
| 174|0x000000008ae00000, 0x000000008ae00000, 0x000000008af00000|  0%| F|  |TAMS 0x000000008ae00000, 0x000000008ae00000| Untracked 
| 175|0x000000008af00000, 0x000000008af00000, 0x000000008b000000|  0%| F|  |TAMS 0x000000008af00000, 0x000000008af00000| Untracked 
| 176|0x000000008b000000, 0x000000008b000000, 0x000000008b100000|  0%| F|  |TAMS 0x000000008b000000, 0x000000008b000000| Untracked 
| 177|0x000000008b100000, 0x000000008b100000, 0x000000008b200000|  0%| F|  |TAMS 0x000000008b100000, 0x000000008b100000| Untracked 
| 178|0x000000008b200000, 0x000000008b200000, 0x000000008b300000|  0%| F|  |TAMS 0x000000008b200000, 0x000000008b200000| Untracked 
| 179|0x000000008b300000, 0x000000008b300000, 0x000000008b400000|  0%| F|  |TAMS 0x000000008b300000, 0x000000008b300000| Untracked 
| 180|0x000000008b400000, 0x000000008b400000, 0x000000008b500000|  0%| F|  |TAMS 0x000000008b400000, 0x000000008b400000| Untracked 
| 181|0x000000008b500000, 0x000000008b500000, 0x000000008b600000|  0%| F|  |TAMS 0x000000008b500000, 0x000000008b500000| Untracked 
| 182|0x000000008b600000, 0x000000008b600000, 0x000000008b700000|  0%| F|  |TAMS 0x000000008b600000, 0x000000008b600000| Untracked 
| 183|0x000000008b700000, 0x000000008b700000, 0x000000008b800000|  0%| F|  |TAMS 0x000000008b700000, 0x000000008b700000| Untracked 
| 184|0x000000008b800000, 0x000000008b800000, 0x000000008b900000|  0%| F|  |TAMS 0x000000008b800000, 0x000000008b800000| Untracked 
| 185|0x000000008b900000, 0x000000008b900000, 0x000000008ba00000|  0%| F|  |TAMS 0x000000008b900000, 0x000000008b900000| Untracked 
| 186|0x000000008ba00000, 0x000000008ba00000, 0x000000008bb00000|  0%| F|  |TAMS 0x000000008ba00000, 0x000000008ba00000| Untracked 
| 187|0x000000008bb00000, 0x000000008bb00000, 0x000000008bc00000|  0%| F|  |TAMS 0x000000008bb00000, 0x000000008bb00000| Untracked 
| 188|0x000000008bc00000, 0x000000008bc00000, 0x000000008bd00000|  0%| F|  |TAMS 0x000000008bc00000, 0x000000008bc00000| Untracked 
| 189|0x000000008bd00000, 0x000000008bd00000, 0x000000008be00000|  0%| F|  |TAMS 0x000000008bd00000, 0x000000008bd00000| Untracked 
| 190|0x000000008be00000, 0x000000008be00000, 0x000000008bf00000|  0%| F|  |TAMS 0x000000008be00000, 0x000000008be00000| Untracked 
| 191|0x000000008bf00000, 0x000000008bf00000, 0x000000008c000000|  0%| F|  |TAMS 0x000000008bf00000, 0x000000008bf00000| Untracked 
| 192|0x000000008c000000, 0x000000008c000000, 0x000000008c100000|  0%| F|  |TAMS 0x000000008c000000, 0x000000008c000000| Untracked 
| 193|0x000000008c100000, 0x000000008c100000, 0x000000008c200000|  0%| F|  |TAMS 0x000000008c100000, 0x000000008c100000| Untracked 
| 194|0x000000008c200000, 0x000000008c200000, 0x000000008c300000|  0%| F|  |TAMS 0x000000008c200000, 0x000000008c200000| Untracked 
| 195|0x000000008c300000, 0x000000008c300000, 0x000000008c400000|  0%| F|  |TAMS 0x000000008c300000, 0x000000008c300000| Untracked 
| 196|0x000000008c400000, 0x000000008c400000, 0x000000008c500000|  0%| F|  |TAMS 0x000000008c400000, 0x000000008c400000| Untracked 
| 197|0x000000008c500000, 0x000000008c500000, 0x000000008c600000|  0%| F|  |TAMS 0x000000008c500000, 0x000000008c500000| Untracked 
| 198|0x000000008c600000, 0x000000008c600000, 0x000000008c700000|  0%| F|  |TAMS 0x000000008c600000, 0x000000008c600000| Untracked 
| 199|0x000000008c700000, 0x000000008c700000, 0x000000008c800000|  0%| F|  |TAMS 0x000000008c700000, 0x000000008c700000| Untracked 
| 200|0x000000008c800000, 0x000000008c800000, 0x000000008c900000|  0%| F|  |TAMS 0x000000008c800000, 0x000000008c800000| Untracked 
| 201|0x000000008c900000, 0x000000008c900000, 0x000000008ca00000|  0%| F|  |TAMS 0x000000008c900000, 0x000000008c900000| Untracked 
| 202|0x000000008ca00000, 0x000000008ca00000, 0x000000008cb00000|  0%| F|  |TAMS 0x000000008ca00000, 0x000000008ca00000| Untracked 
| 203|0x000000008cb00000, 0x000000008cb00000, 0x000000008cc00000|  0%| F|  |TAMS 0x000000008cb00000, 0x000000008cb00000| Untracked 
| 204|0x000000008cc00000, 0x000000008cc00000, 0x000000008cd00000|  0%| F|  |TAMS 0x000000008cc00000, 0x000000008cc00000| Untracked 
| 205|0x000000008cd00000, 0x000000008cd00000, 0x000000008ce00000|  0%| F|  |TAMS 0x000000008cd00000, 0x000000008cd00000| Untracked 
| 206|0x000000008ce00000, 0x000000008ce00000, 0x000000008cf00000|  0%| F|  |TAMS 0x000000008ce00000, 0x000000008ce00000| Untracked 
| 207|0x000000008cf00000, 0x000000008cf00000, 0x000000008d000000|  0%| F|  |TAMS 0x000000008cf00000, 0x000000008cf00000| Untracked 
| 208|0x000000008d000000, 0x000000008d000000, 0x000000008d100000|  0%| F|  |TAMS 0x000000008d000000, 0x000000008d000000| Untracked 
| 209|0x000000008d100000, 0x000000008d100000, 0x000000008d200000|  0%| F|  |TAMS 0x000000008d100000, 0x000000008d100000| Untracked 
| 210|0x000000008d200000, 0x000000008d200000, 0x000000008d300000|  0%| F|  |TAMS 0x000000008d200000, 0x000000008d200000| Untracked 
| 211|0x000000008d300000, 0x000000008d300000, 0x000000008d400000|  0%| F|  |TAMS 0x000000008d300000, 0x000000008d300000| Untracked 
| 212|0x000000008d400000, 0x000000008d400000, 0x000000008d500000|  0%| F|  |TAMS 0x000000008d400000, 0x000000008d400000| Untracked 
| 213|0x000000008d500000, 0x000000008d500000, 0x000000008d600000|  0%| F|  |TAMS 0x000000008d500000, 0x000000008d500000| Untracked 
| 214|0x000000008d600000, 0x000000008d600000, 0x000000008d700000|  0%| F|  |TAMS 0x000000008d600000, 0x000000008d600000| Untracked 
| 215|0x000000008d700000, 0x000000008d700000, 0x000000008d800000|  0%| F|  |TAMS 0x000000008d700000, 0x000000008d700000| Untracked 
| 216|0x000000008d800000, 0x000000008d800000, 0x000000008d900000|  0%| F|  |TAMS 0x000000008d800000, 0x000000008d800000| Untracked 
| 217|0x000000008d900000, 0x000000008d900000, 0x000000008da00000|  0%| F|  |TAMS 0x000000008d900000, 0x000000008d900000| Untracked 
| 218|0x000000008da00000, 0x000000008da00000, 0x000000008db00000|  0%| F|  |TAMS 0x000000008da00000, 0x000000008da00000| Untracked 
| 219|0x000000008db00000, 0x000000008db00000, 0x000000008dc00000|  0%| F|  |TAMS 0x000000008db00000, 0x000000008db00000| Untracked 
| 220|0x000000008dc00000, 0x000000008dc00000, 0x000000008dd00000|  0%| F|  |TAMS 0x000000008dc00000, 0x000000008dc00000| Untracked 
| 221|0x000000008dd00000, 0x000000008dd00000, 0x000000008de00000|  0%| F|  |TAMS 0x000000008dd00000, 0x000000008dd00000| Untracked 
| 222|0x000000008de00000, 0x000000008de00000, 0x000000008df00000|  0%| F|  |TAMS 0x000000008de00000, 0x000000008de00000| Untracked 
| 223|0x000000008df00000, 0x000000008df00000, 0x000000008e000000|  0%| F|  |TAMS 0x000000008df00000, 0x000000008df00000| Untracked 
| 224|0x000000008e000000, 0x000000008e000000, 0x000000008e100000|  0%| F|  |TAMS 0x000000008e000000, 0x000000008e000000| Untracked 
| 225|0x000000008e100000, 0x000000008e100000, 0x000000008e200000|  0%| F|  |TAMS 0x000000008e100000, 0x000000008e100000| Untracked 
| 226|0x000000008e200000, 0x000000008e200000, 0x000000008e300000|  0%| F|  |TAMS 0x000000008e200000, 0x000000008e200000| Untracked 
| 227|0x000000008e300000, 0x000000008e300000, 0x000000008e400000|  0%| F|  |TAMS 0x000000008e300000, 0x000000008e300000| Untracked 
| 228|0x000000008e400000, 0x000000008e400000, 0x000000008e500000|  0%| F|  |TAMS 0x000000008e400000, 0x000000008e400000| Untracked 
| 229|0x000000008e500000, 0x000000008e500000, 0x000000008e600000|  0%| F|  |TAMS 0x000000008e500000, 0x000000008e500000| Untracked 
| 230|0x000000008e600000, 0x000000008e600000, 0x000000008e700000|  0%| F|  |TAMS 0x000000008e600000, 0x000000008e600000| Untracked 
| 231|0x000000008e700000, 0x000000008e700000, 0x000000008e800000|  0%| F|  |TAMS 0x000000008e700000, 0x000000008e700000| Untracked 
| 232|0x000000008e800000, 0x000000008e800000, 0x000000008e900000|  0%| F|  |TAMS 0x000000008e800000, 0x000000008e800000| Untracked 
| 233|0x000000008e900000, 0x000000008e900000, 0x000000008ea00000|  0%| F|  |TAMS 0x000000008e900000, 0x000000008e900000| Untracked 
| 234|0x000000008ea00000, 0x000000008ea00000, 0x000000008eb00000|  0%| F|  |TAMS 0x000000008ea00000, 0x000000008ea00000| Untracked 
| 235|0x000000008eb00000, 0x000000008eb00000, 0x000000008ec00000|  0%| F|  |TAMS 0x000000008eb00000, 0x000000008eb00000| Untracked 
| 236|0x000000008ec00000, 0x000000008ec00000, 0x000000008ed00000|  0%| F|  |TAMS 0x000000008ec00000, 0x000000008ec00000| Untracked 
| 237|0x000000008ed00000, 0x000000008ed00000, 0x000000008ee00000|  0%| F|  |TAMS 0x000000008ed00000, 0x000000008ed00000| Untracked 
| 238|0x000000008ee00000, 0x000000008ee00000, 0x000000008ef00000|  0%| F|  |TAMS 0x000000008ee00000, 0x000000008ee00000| Untracked 
| 239|0x000000008ef00000, 0x000000008ef00000, 0x000000008f000000|  0%| F|  |TAMS 0x000000008ef00000, 0x000000008ef00000| Untracked 
| 240|0x000000008f000000, 0x000000008f000000, 0x000000008f100000|  0%| F|  |TAMS 0x000000008f000000, 0x000000008f000000| Untracked 
| 241|0x000000008f100000, 0x000000008f100000, 0x000000008f200000|  0%| F|  |TAMS 0x000000008f100000, 0x000000008f100000| Untracked 
| 242|0x000000008f200000, 0x000000008f200000, 0x000000008f300000|  0%| F|  |TAMS 0x000000008f200000, 0x000000008f200000| Untracked 
| 243|0x000000008f300000, 0x000000008f300000, 0x000000008f400000|  0%| F|  |TAMS 0x000000008f300000, 0x000000008f300000| Untracked 
| 244|0x000000008f400000, 0x000000008f400000, 0x000000008f500000|  0%| F|  |TAMS 0x000000008f400000, 0x000000008f400000| Untracked 
| 245|0x000000008f500000, 0x000000008f500000, 0x000000008f600000|  0%| F|  |TAMS 0x000000008f500000, 0x000000008f500000| Untracked 
| 246|0x000000008f600000, 0x000000008f600000, 0x000000008f700000|  0%| F|  |TAMS 0x000000008f600000, 0x000000008f600000| Untracked 
| 247|0x000000008f700000, 0x000000008f700000, 0x000000008f800000|  0%| F|  |TAMS 0x000000008f700000, 0x000000008f700000| Untracked 
| 248|0x000000008f800000, 0x000000008f800000, 0x000000008f900000|  0%| F|  |TAMS 0x000000008f800000, 0x000000008f800000| Untracked 
| 249|0x000000008f900000, 0x000000008f900000, 0x000000008fa00000|  0%| F|  |TAMS 0x000000008f900000, 0x000000008f900000| Untracked 
| 250|0x000000008fa00000, 0x000000008fa00000, 0x000000008fb00000|  0%| F|  |TAMS 0x000000008fa00000, 0x000000008fa00000| Untracked 
| 251|0x000000008fb00000, 0x000000008fb00000, 0x000000008fc00000|  0%| F|  |TAMS 0x000000008fb00000, 0x000000008fb00000| Untracked 
| 252|0x000000008fc00000, 0x000000008fc00000, 0x000000008fd00000|  0%| F|  |TAMS 0x000000008fc00000, 0x000000008fc00000| Untracked 
| 253|0x000000008fd00000, 0x000000008fd00000, 0x000000008fe00000|  0%| F|  |TAMS 0x000000008fd00000, 0x000000008fd00000| Untracked 
| 254|0x000000008fe00000, 0x000000008fe00000, 0x000000008ff00000|  0%| F|  |TAMS 0x000000008fe00000, 0x000000008fe00000| Untracked 
| 255|0x000000008ff00000, 0x000000008ff00000, 0x0000000090000000|  0%| F|  |TAMS 0x000000008ff00000, 0x000000008ff00000| Untracked 
| 256|0x0000000090000000, 0x0000000090000000, 0x0000000090100000|  0%| F|  |TAMS 0x0000000090000000, 0x0000000090000000| Untracked 
| 257|0x0000000090100000, 0x0000000090100000, 0x0000000090200000|  0%| F|  |TAMS 0x0000000090100000, 0x0000000090100000| Untracked 
| 258|0x0000000090200000, 0x0000000090200000, 0x0000000090300000|  0%| F|  |TAMS 0x0000000090200000, 0x0000000090200000| Untracked 
| 259|0x0000000090300000, 0x0000000090300000, 0x0000000090400000|  0%| F|  |TAMS 0x0000000090300000, 0x0000000090300000| Untracked 
| 260|0x0000000090400000, 0x0000000090400000, 0x0000000090500000|  0%| F|  |TAMS 0x0000000090400000, 0x0000000090400000| Untracked 
| 261|0x0000000090500000, 0x0000000090500000, 0x0000000090600000|  0%| F|  |TAMS 0x0000000090500000, 0x0000000090500000| Untracked 
| 262|0x0000000090600000, 0x0000000090600000, 0x0000000090700000|  0%| F|  |TAMS 0x0000000090600000, 0x0000000090600000| Untracked 
| 263|0x0000000090700000, 0x0000000090700000, 0x0000000090800000|  0%| F|  |TAMS 0x0000000090700000, 0x0000000090700000| Untracked 
| 264|0x0000000090800000, 0x0000000090800000, 0x0000000090900000|  0%| F|  |TAMS 0x0000000090800000, 0x0000000090800000| Untracked 
| 265|0x0000000090900000, 0x0000000090900000, 0x0000000090a00000|  0%| F|  |TAMS 0x0000000090900000, 0x0000000090900000| Untracked 
| 266|0x0000000090a00000, 0x0000000090a00000, 0x0000000090b00000|  0%| F|  |TAMS 0x0000000090a00000, 0x0000000090a00000| Untracked 
| 267|0x0000000090b00000, 0x0000000090b00000, 0x0000000090c00000|  0%| F|  |TAMS 0x0000000090b00000, 0x0000000090b00000| Untracked 
| 268|0x0000000090c00000, 0x0000000090c00000, 0x0000000090d00000|  0%| F|  |TAMS 0x0000000090c00000, 0x0000000090c00000| Untracked 
| 269|0x0000000090d00000, 0x0000000090d00000, 0x0000000090e00000|  0%| F|  |TAMS 0x0000000090d00000, 0x0000000090d00000| Untracked 
| 270|0x0000000090e00000, 0x0000000090e00000, 0x0000000090f00000|  0%| F|  |TAMS 0x0000000090e00000, 0x0000000090e00000| Untracked 
| 271|0x0000000090f00000, 0x0000000090f00000, 0x0000000091000000|  0%| F|  |TAMS 0x0000000090f00000, 0x0000000090f00000| Untracked 
| 272|0x0000000091000000, 0x00000000910e0910, 0x0000000091100000| 87%| E|  |TAMS 0x0000000091000000, 0x0000000091000000| Complete 
| 273|0x0000000091100000, 0x0000000091200000, 0x0000000091200000|100%| E|CS|TAMS 0x0000000091100000, 0x0000000091100000| Complete 
| 274|0x0000000091200000, 0x00000000912ab688, 0x0000000091300000| 66%| S|CS|TAMS 0x0000000091200000, 0x0000000091200000| Complete 
| 275|0x0000000091300000, 0x0000000091400000, 0x0000000091400000|100%| S|CS|TAMS 0x0000000091300000, 0x0000000091300000| Complete 
| 276|0x0000000091400000, 0x0000000091500000, 0x0000000091500000|100%| S|CS|TAMS 0x0000000091400000, 0x0000000091400000| Complete 
| 277|0x0000000091500000, 0x0000000091600000, 0x0000000091600000|100%| S|CS|TAMS 0x0000000091500000, 0x0000000091500000| Complete 
| 278|0x0000000091600000, 0x0000000091700000, 0x0000000091700000|100%| S|CS|TAMS 0x0000000091600000, 0x0000000091600000| Complete 
| 279|0x0000000091700000, 0x0000000091800000, 0x0000000091800000|100%| S|CS|TAMS 0x0000000091700000, 0x0000000091700000| Complete 
| 280|0x0000000091800000, 0x0000000091900000, 0x0000000091900000|100%| S|CS|TAMS 0x0000000091800000, 0x0000000091800000| Complete 
| 281|0x0000000091900000, 0x0000000091a00000, 0x0000000091a00000|100%| S|CS|TAMS 0x0000000091900000, 0x0000000091900000| Complete 
| 282|0x0000000091a00000, 0x0000000091b00000, 0x0000000091b00000|100%| S|CS|TAMS 0x0000000091a00000, 0x0000000091a00000| Complete 
| 283|0x0000000091b00000, 0x0000000091c00000, 0x0000000091c00000|100%| E|CS|TAMS 0x0000000091b00000, 0x0000000091b00000| Complete 
| 284|0x0000000091c00000, 0x0000000091d00000, 0x0000000091d00000|100%| E|CS|TAMS 0x0000000091c00000, 0x0000000091c00000| Complete 
| 285|0x0000000091d00000, 0x0000000091e00000, 0x0000000091e00000|100%| E|CS|TAMS 0x0000000091d00000, 0x0000000091d00000| Complete 
| 286|0x0000000091e00000, 0x0000000091f00000, 0x0000000091f00000|100%| E|CS|TAMS 0x0000000091e00000, 0x0000000091e00000| Complete 
| 287|0x0000000091f00000, 0x0000000092000000, 0x0000000092000000|100%| E|CS|TAMS 0x0000000091f00000, 0x0000000091f00000| Complete 
| 288|0x0000000092000000, 0x0000000092100000, 0x0000000092100000|100%| E|CS|TAMS 0x0000000092000000, 0x0000000092000000| Complete 
| 289|0x0000000092100000, 0x0000000092200000, 0x0000000092200000|100%| E|CS|TAMS 0x0000000092100000, 0x0000000092100000| Complete 
| 290|0x0000000092200000, 0x0000000092300000, 0x0000000092300000|100%| E|CS|TAMS 0x0000000092200000, 0x0000000092200000| Complete 
| 291|0x0000000092300000, 0x0000000092400000, 0x0000000092400000|100%| E|CS|TAMS 0x0000000092300000, 0x0000000092300000| Complete 
| 292|0x0000000092400000, 0x0000000092500000, 0x0000000092500000|100%| E|CS|TAMS 0x0000000092400000, 0x0000000092400000| Complete 
| 293|0x0000000092500000, 0x0000000092600000, 0x0000000092600000|100%| E|CS|TAMS 0x0000000092500000, 0x0000000092500000| Complete 
| 294|0x0000000092600000, 0x0000000092700000, 0x0000000092700000|100%| E|CS|TAMS 0x0000000092600000, 0x0000000092600000| Complete 
| 295|0x0000000092700000, 0x0000000092800000, 0x0000000092800000|100%| E|CS|TAMS 0x0000000092700000, 0x0000000092700000| Complete 
| 296|0x0000000092800000, 0x0000000092900000, 0x0000000092900000|100%| E|CS|TAMS 0x0000000092800000, 0x0000000092800000| Complete 
| 297|0x0000000092900000, 0x0000000092a00000, 0x0000000092a00000|100%| E|CS|TAMS 0x0000000092900000, 0x0000000092900000| Complete 
| 298|0x0000000092a00000, 0x0000000092b00000, 0x0000000092b00000|100%| E|CS|TAMS 0x0000000092a00000, 0x0000000092a00000| Complete 
| 299|0x0000000092b00000, 0x0000000092c00000, 0x0000000092c00000|100%| E|CS|TAMS 0x0000000092b00000, 0x0000000092b00000| Complete 
| 300|0x0000000092c00000, 0x0000000092d00000, 0x0000000092d00000|100%| E|CS|TAMS 0x0000000092c00000, 0x0000000092c00000| Complete 
| 301|0x0000000092d00000, 0x0000000092e00000, 0x0000000092e00000|100%| E|CS|TAMS 0x0000000092d00000, 0x0000000092d00000| Complete 
| 302|0x0000000092e00000, 0x0000000092f00000, 0x0000000092f00000|100%| E|CS|TAMS 0x0000000092e00000, 0x0000000092e00000| Complete 
| 303|0x0000000092f00000, 0x0000000093000000, 0x0000000093000000|100%| E|CS|TAMS 0x0000000092f00000, 0x0000000092f00000| Complete 
| 304|0x0000000093000000, 0x0000000093100000, 0x0000000093100000|100%| E|CS|TAMS 0x0000000093000000, 0x0000000093000000| Complete 
| 305|0x0000000093100000, 0x0000000093200000, 0x0000000093200000|100%| E|CS|TAMS 0x0000000093100000, 0x0000000093100000| Complete 
| 306|0x0000000093200000, 0x0000000093300000, 0x0000000093300000|100%| E|CS|TAMS 0x0000000093200000, 0x0000000093200000| Complete 
| 307|0x0000000093300000, 0x0000000093400000, 0x0000000093400000|100%| E|CS|TAMS 0x0000000093300000, 0x0000000093300000| Complete 
| 308|0x0000000093400000, 0x0000000093500000, 0x0000000093500000|100%| E|CS|TAMS 0x0000000093400000, 0x0000000093400000| Complete 
| 309|0x0000000093500000, 0x0000000093600000, 0x0000000093600000|100%| E|CS|TAMS 0x0000000093500000, 0x0000000093500000| Complete 
| 310|0x0000000093600000, 0x0000000093700000, 0x0000000093700000|100%| E|CS|TAMS 0x0000000093600000, 0x0000000093600000| Complete 
| 311|0x0000000093700000, 0x0000000093800000, 0x0000000093800000|100%| E|CS|TAMS 0x0000000093700000, 0x0000000093700000| Complete 
| 312|0x0000000093800000, 0x0000000093900000, 0x0000000093900000|100%| E|CS|TAMS 0x0000000093800000, 0x0000000093800000| Complete 
| 313|0x0000000093900000, 0x0000000093a00000, 0x0000000093a00000|100%| E|CS|TAMS 0x0000000093900000, 0x0000000093900000| Complete 
| 314|0x0000000093a00000, 0x0000000093b00000, 0x0000000093b00000|100%| E|CS|TAMS 0x0000000093a00000, 0x0000000093a00000| Complete 
| 315|0x0000000093b00000, 0x0000000093c00000, 0x0000000093c00000|100%| E|CS|TAMS 0x0000000093b00000, 0x0000000093b00000| Complete 
| 316|0x0000000093c00000, 0x0000000093d00000, 0x0000000093d00000|100%| E|CS|TAMS 0x0000000093c00000, 0x0000000093c00000| Complete 
| 317|0x0000000093d00000, 0x0000000093e00000, 0x0000000093e00000|100%| E|CS|TAMS 0x0000000093d00000, 0x0000000093d00000| Complete 
| 318|0x0000000093e00000, 0x0000000093f00000, 0x0000000093f00000|100%| E|CS|TAMS 0x0000000093e00000, 0x0000000093e00000| Complete 
| 319|0x0000000093f00000, 0x0000000094000000, 0x0000000094000000|100%| E|CS|TAMS 0x0000000093f00000, 0x0000000093f00000| Complete 
| 320|0x0000000094000000, 0x0000000094100000, 0x0000000094100000|100%| E|CS|TAMS 0x0000000094000000, 0x0000000094000000| Complete 
| 321|0x0000000094100000, 0x0000000094200000, 0x0000000094200000|100%| E|CS|TAMS 0x0000000094100000, 0x0000000094100000| Complete 
| 322|0x0000000094200000, 0x0000000094300000, 0x0000000094300000|100%| E|CS|TAMS 0x0000000094200000, 0x0000000094200000| Complete 
| 323|0x0000000094300000, 0x0000000094400000, 0x0000000094400000|100%| E|CS|TAMS 0x0000000094300000, 0x0000000094300000| Complete 
| 324|0x0000000094400000, 0x0000000094500000, 0x0000000094500000|100%| E|CS|TAMS 0x0000000094400000, 0x0000000094400000| Complete 
| 325|0x0000000094500000, 0x0000000094600000, 0x0000000094600000|100%| E|CS|TAMS 0x0000000094500000, 0x0000000094500000| Complete 
| 326|0x0000000094600000, 0x0000000094700000, 0x0000000094700000|100%| E|CS|TAMS 0x0000000094600000, 0x0000000094600000| Complete 
| 327|0x0000000094700000, 0x0000000094800000, 0x0000000094800000|100%| E|CS|TAMS 0x0000000094700000, 0x0000000094700000| Complete 
| 328|0x0000000094800000, 0x0000000094900000, 0x0000000094900000|100%| E|CS|TAMS 0x0000000094800000, 0x0000000094800000| Complete 
| 329|0x0000000094900000, 0x0000000094a00000, 0x0000000094a00000|100%| E|CS|TAMS 0x0000000094900000, 0x0000000094900000| Complete 
| 330|0x0000000094a00000, 0x0000000094b00000, 0x0000000094b00000|100%| E|CS|TAMS 0x0000000094a00000, 0x0000000094a00000| Complete 
| 331|0x0000000094b00000, 0x0000000094c00000, 0x0000000094c00000|100%| E|CS|TAMS 0x0000000094b00000, 0x0000000094b00000| Complete 
| 332|0x0000000094c00000, 0x0000000094d00000, 0x0000000094d00000|100%| E|CS|TAMS 0x0000000094c00000, 0x0000000094c00000| Complete 
| 333|0x0000000094d00000, 0x0000000094e00000, 0x0000000094e00000|100%| E|CS|TAMS 0x0000000094d00000, 0x0000000094d00000| Complete 
| 334|0x0000000094e00000, 0x0000000094f00000, 0x0000000094f00000|100%| E|CS|TAMS 0x0000000094e00000, 0x0000000094e00000| Complete 
| 335|0x0000000094f00000, 0x0000000095000000, 0x0000000095000000|100%| E|CS|TAMS 0x0000000094f00000, 0x0000000094f00000| Complete 
| 336|0x0000000095000000, 0x0000000095100000, 0x0000000095100000|100%| E|CS|TAMS 0x0000000095000000, 0x0000000095000000| Complete 
| 337|0x0000000095100000, 0x0000000095200000, 0x0000000095200000|100%| E|CS|TAMS 0x0000000095100000, 0x0000000095100000| Complete 
| 338|0x0000000095200000, 0x0000000095300000, 0x0000000095300000|100%| E|CS|TAMS 0x0000000095200000, 0x0000000095200000| Complete 
| 339|0x0000000095300000, 0x0000000095400000, 0x0000000095400000|100%| E|CS|TAMS 0x0000000095300000, 0x0000000095300000| Complete 
| 340|0x0000000095400000, 0x0000000095500000, 0x0000000095500000|100%| E|CS|TAMS 0x0000000095400000, 0x0000000095400000| Complete 
| 341|0x0000000095500000, 0x0000000095600000, 0x0000000095600000|100%| E|CS|TAMS 0x0000000095500000, 0x0000000095500000| Complete 
| 342|0x0000000095600000, 0x0000000095700000, 0x0000000095700000|100%| E|CS|TAMS 0x0000000095600000, 0x0000000095600000| Complete 
| 343|0x0000000095700000, 0x0000000095800000, 0x0000000095800000|100%| E|CS|TAMS 0x0000000095700000, 0x0000000095700000| Complete 
| 344|0x0000000095800000, 0x0000000095900000, 0x0000000095900000|100%| E|CS|TAMS 0x0000000095800000, 0x0000000095800000| Complete 
| 345|0x0000000095900000, 0x0000000095a00000, 0x0000000095a00000|100%| E|CS|TAMS 0x0000000095900000, 0x0000000095900000| Complete 
| 346|0x0000000095a00000, 0x0000000095b00000, 0x0000000095b00000|100%| E|CS|TAMS 0x0000000095a00000, 0x0000000095a00000| Complete 
| 347|0x0000000095b00000, 0x0000000095c00000, 0x0000000095c00000|100%| E|CS|TAMS 0x0000000095b00000, 0x0000000095b00000| Complete 
| 348|0x0000000095c00000, 0x0000000095d00000, 0x0000000095d00000|100%| E|CS|TAMS 0x0000000095c00000, 0x0000000095c00000| Complete 
| 349|0x0000000095d00000, 0x0000000095e00000, 0x0000000095e00000|100%| E|CS|TAMS 0x0000000095d00000, 0x0000000095d00000| Complete 
| 350|0x0000000095e00000, 0x0000000095f00000, 0x0000000095f00000|100%| E|CS|TAMS 0x0000000095e00000, 0x0000000095e00000| Complete 

Card table byte_map: [0x0000026778b70000,0x0000026778f70000] _byte_map_base: 0x0000026778770000

Marking Bits (Prev, Next): (CMBitMap*) 0x000002677498e3c8, (CMBitMap*) 0x000002677498e400
 Prev Bits: [0x0000026779370000, 0x000002677b370000)
 Next Bits: [0x000002677b370000, 0x000002677d370000)

Polling page: 0x0000026774130000

Metaspace:

Usage:
  Non-class:     83.08 MB capacity,    81.45 MB ( 98%) used,     1.33 MB (  2%) free+waste,   300.13 KB ( <1%) overhead. 
      Class:     13.20 MB capacity,    12.27 MB ( 93%) used,   813.16 KB (  6%) free+waste,   133.69 KB ( <1%) overhead. 
       Both:     96.27 MB capacity,    93.72 MB ( 97%) used,     2.12 MB (  2%) free+waste,   433.81 KB ( <1%) overhead. 

Virtual space:
  Non-class space:       84.00 MB reserved,      83.25 MB (>99%) committed 
      Class space:        1.00 GB reserved,      13.32 MB (  1%) committed 
             Both:        1.08 GB reserved,      96.57 MB (  9%) committed 

Chunk freelists:
   Non-Class:  50.00 KB
       Class:  24.00 KB
        Both:  74.00 KB

MaxMetaspaceSize: 17179869184.00 GB
CompressedClassSpaceSize: 1.00 GB

CodeHeap 'non-profiled nmethods': size=120000Kb used=7762Kb max_used=7762Kb free=112237Kb
 bounds [0x0000026707ad0000, 0x0000026708270000, 0x000002670f000000]
CodeHeap 'profiled nmethods': size=120000Kb used=25330Kb max_used=25330Kb free=94669Kb
 bounds [0x00000267005a0000, 0x0000026701e60000, 0x0000026707ad0000]
CodeHeap 'non-nmethods': size=5760Kb used=2308Kb max_used=2364Kb free=3452Kb
 bounds [0x0000026700000000, 0x0000026700270000, 0x00000267005a0000]
 total_blobs=13186 nmethods=12273 adapters=824
 compilation: enabled
              stopped_count=0, restarted_count=0
 full_count=0

Compilation events (20 events):
Event: 88.615 Thread 0x000002677fdd5000 nmethod 12454 0x0000026701e55190 code [0x0000026701e55360, 0x0000026701e55608]
Event: 88.615 Thread 0x000002677fdd5000 12455       3       java.util.stream.FindOps::makeRef (14 bytes)
Event: 88.615 Thread 0x000002677fdd5000 nmethod 12455 0x0000026701e55710 code [0x0000026701e558c0, 0x0000026701e55a18]
Event: 88.615 Thread 0x000002677fdd5000 12456       3       java.util.stream.FindOps$FindSink::<init> (5 bytes)
Event: 88.615 Thread 0x000002677fdd5000 nmethod 12456 0x0000026701e55a90 code [0x0000026701e55c40, 0x0000026701e55d98]
Event: 88.773 Thread 0x000002677fdd5000 12457       3       java.util.concurrent.locks.ReentrantReadWriteLock$ReadLock::lock (9 bytes)
Event: 88.773 Thread 0x000002677fdd5000 nmethod 12457 0x0000026701e55e90 code [0x0000026701e56060, 0x0000026701e562f8]
Event: 88.773 Thread 0x000002677fdd5000 12458       3       java.util.concurrent.locks.AbstractQueuedSynchronizer::acquireShared (14 bytes)
Event: 88.773 Thread 0x000002677fdd5000 nmethod 12458 0x0000026701e56410 code [0x0000026701e565e0, 0x0000026701e56818]
Event: 88.773 Thread 0x000002677fdd5000 12459       3       java.util.concurrent.locks.ReentrantReadWriteLock$Sync::tryAcquireShared (177 bytes)
Event: 88.775 Thread 0x000002677fdd5000 nmethod 12459 0x0000026701e56910 code [0x0000026701e56c00, 0x0000026701e57f68]
Event: 88.775 Thread 0x000002677fdd5000 12460       3       java.util.concurrent.locks.ReentrantReadWriteLock$Sync::sharedCount (5 bytes)
Event: 88.775 Thread 0x000002677fdd5000 nmethod 12460 0x0000026701e58690 code [0x0000026701e58840, 0x0000026701e58918]
Event: 88.775 Thread 0x000002677fdd5000 12461       3       java.util.concurrent.locks.ReentrantReadWriteLock$ReadLock::unlock (10 bytes)
Event: 88.775 Thread 0x000002677fdd5000 nmethod 12461 0x0000026701e58990 code [0x0000026701e58b60, 0x0000026701e58e18]
Event: 88.775 Thread 0x000002677fdd5000 12462       3       java.util.concurrent.locks.ReentrantReadWriteLock$Sync::tryReleaseShared (146 bytes)
Event: 88.776 Thread 0x000002677fdd5000 nmethod 12462 0x0000026701e58f10 code [0x0000026701e591e0, 0x0000026701e5a148]
Event: 90.386 Thread 0x000002677fdd5000 12463       3       org.gradle.internal.file.DefaultFileHierarchySet$Node::isChildOfOrThis (110 bytes)
Event: 90.388 Thread 0x000002677fdd5000 nmethod 12463 0x0000026701e5a790 code [0x0000026701e5aac0, 0x0000026701e5c038]
Event: 91.621 Thread 0x000002677fdd3000 12464       4       javax.management.ObjectName::construct (1135 bytes)

GC Heap History (20 events):
Event: 51.704 GC heap before
{Heap before GC invocations=44 (full 0):
 garbage-first heap   total 124928K, used 116556K [0x0000000080000000, 0x0000000100000000)
  region size 1024K, 6 young (6144K), 1 survivors (1024K)
 Metaspace       used 92012K, capacity 94256K, committed 94412K, reserved 1130496K
  class space    used 12059K, capacity 12911K, committed 13004K, reserved 1048576K
}
Event: 51.710 GC heap after
{Heap after GC invocations=45 (full 0):
 garbage-first heap   total 124928K, used 114048K [0x0000000080000000, 0x0000000100000000)
  region size 1024K, 1 young (1024K), 1 survivors (1024K)
 Metaspace       used 92012K, capacity 94256K, committed 94412K, reserved 1130496K
  class space    used 12059K, capacity 12911K, committed 13004K, reserved 1048576K
}
Event: 51.730 GC heap before
{Heap before GC invocations=45 (full 0):
 garbage-first heap   total 124928K, used 119168K [0x0000000080000000, 0x0000000100000000)
  region size 1024K, 6 young (6144K), 1 survivors (1024K)
 Metaspace       used 92017K, capacity 94258K, committed 94412K, reserved 1130496K
  class space    used 12059K, capacity 12911K, committed 13004K, reserved 1048576K
}
Event: 51.735 GC heap after
{Heap after GC invocations=46 (full 0):
 garbage-first heap   total 124928K, used 116796K [0x0000000080000000, 0x0000000100000000)
  region size 1024K, 1 young (1024K), 1 survivors (1024K)
 Metaspace       used 92017K, capacity 94258K, committed 94412K, reserved 1130496K
  class space    used 12059K, capacity 12911K, committed 13004K, reserved 1048576K
}
Event: 51.750 GC heap before
{Heap before GC invocations=46 (full 0):
 garbage-first heap   total 124928K, used 121916K [0x0000000080000000, 0x0000000100000000)
  region size 1024K, 6 young (6144K), 1 survivors (1024K)
 Metaspace       used 92020K, capacity 94258K, committed 94412K, reserved 1130496K
  class space    used 12059K, capacity 12911K, committed 13004K, reserved 1048576K
}
Event: 51.754 GC heap after
{Heap after GC invocations=47 (full 0):
 garbage-first heap   total 125952K, used 119703K [0x0000000080000000, 0x0000000100000000)
  region size 1024K, 1 young (1024K), 1 survivors (1024K)
 Metaspace       used 92020K, capacity 94258K, committed 94412K, reserved 1130496K
  class space    used 12059K, capacity 12911K, committed 13004K, reserved 1048576K
}
Event: 51.769 GC heap before
{Heap before GC invocations=48 (full 0):
 garbage-first heap   total 125952K, used 123799K [0x0000000080000000, 0x0000000100000000)
  region size 1024K, 6 young (6144K), 1 survivors (1024K)
 Metaspace       used 92023K, capacity 94258K, committed 94412K, reserved 1130496K
  class space    used 12059K, capacity 12911K, committed 13004K, reserved 1048576K
}
Event: 51.774 GC heap after
{Heap after GC invocations=49 (full 0):
 garbage-first heap   total 129024K, used 122627K [0x0000000080000000, 0x0000000100000000)
  region size 1024K, 1 young (1024K), 1 survivors (1024K)
 Metaspace       used 92023K, capacity 94258K, committed 94412K, reserved 1130496K
  class space    used 12059K, capacity 12911K, committed 13004K, reserved 1048576K
}
Event: 51.787 GC heap before
{Heap before GC invocations=49 (full 0):
 garbage-first heap   total 129024K, used 127747K [0x0000000080000000, 0x0000000100000000)
  region size 1024K, 6 young (6144K), 1 survivors (1024K)
 Metaspace       used 92038K, capacity 94261K, committed 94412K, reserved 1130496K
  class space    used 12059K, capacity 12911K, committed 13004K, reserved 1048576K
}
Event: 51.794 GC heap after
{Heap after GC invocations=50 (full 0):
 garbage-first heap   total 198656K, used 125566K [0x0000000080000000, 0x0000000100000000)
  region size 1024K, 1 young (1024K), 1 survivors (1024K)
 Metaspace       used 92038K, capacity 94261K, committed 94412K, reserved 1130496K
  class space    used 12059K, capacity 12911K, committed 13004K, reserved 1048576K
}
Event: 52.656 GC heap before
{Heap before GC invocations=51 (full 0):
 garbage-first heap   total 198656K, used 142974K [0x0000000080000000, 0x0000000100000000)
  region size 1024K, 18 young (18432K), 1 survivors (1024K)
 Metaspace       used 93672K, capacity 95938K, committed 96204K, reserved 1132544K
  class space    used 12274K, capacity 13107K, committed 13260K, reserved 1048576K
}
Event: 52.665 GC heap after
{Heap after GC invocations=52 (full 0):
 garbage-first heap   total 198656K, used 131718K [0x0000000080000000, 0x0000000100000000)
  region size 1024K, 3 young (3072K), 3 survivors (3072K)
 Metaspace       used 93672K, capacity 95938K, committed 96204K, reserved 1132544K
  class space    used 12274K, capacity 13107K, committed 13260K, reserved 1048576K
}
Event: 52.835 GC heap before
{Heap before GC invocations=52 (full 0):
 garbage-first heap   total 198656K, used 148102K [0x0000000080000000, 0x0000000100000000)
  region size 1024K, 19 young (19456K), 3 survivors (3072K)
 Metaspace       used 94202K, capacity 96556K, committed 96716K, reserved 1132544K
  class space    used 12366K, capacity 13247K, committed 13260K, reserved 1048576K
}
Event: 52.846 GC heap after
{Heap after GC invocations=53 (full 0):
 garbage-first heap   total 198656K, used 134668K [0x0000000080000000, 0x0000000100000000)
  region size 1024K, 3 young (3072K), 3 survivors (3072K)
 Metaspace       used 94202K, capacity 96556K, committed 96716K, reserved 1132544K
  class space    used 12366K, capacity 13247K, committed 13260K, reserved 1048576K
}
Event: 53.123 GC heap before
{Heap before GC invocations=54 (full 0):
 garbage-first heap   total 198656K, used 145932K [0x0000000080000000, 0x0000000100000000)
  region size 1024K, 19 young (19456K), 3 survivors (3072K)
 Metaspace       used 94669K, capacity 97044K, committed 97356K, reserved 1132544K
  class space    used 12425K, capacity 13319K, committed 13388K, reserved 1048576K
}
Event: 53.130 GC heap after
{Heap after GC invocations=55 (full 0):
 garbage-first heap   total 198656K, used 131296K [0x0000000080000000, 0x0000000100000000)
  region size 1024K, 2 young (2048K), 2 survivors (2048K)
 Metaspace       used 94669K, capacity 97044K, committed 97356K, reserved 1132544K
  class space    used 12425K, capacity 13319K, committed 13388K, reserved 1048576K
}
Event: 53.197 GC heap before
{Heap before GC invocations=55 (full 0):
 garbage-first heap   total 198656K, used 137440K [0x0000000080000000, 0x0000000100000000)
  region size 1024K, 9 young (9216K), 2 survivors (2048K)
 Metaspace       used 94720K, capacity 97117K, committed 97356K, reserved 1132544K
  class space    used 12425K, capacity 13319K, committed 13388K, reserved 1048576K
}
Event: 53.215 GC heap after
{Heap after GC invocations=56 (full 0):
 garbage-first heap   total 359424K, used 127840K [0x0000000080000000, 0x0000000100000000)
  region size 1024K, 2 young (2048K), 2 survivors (2048K)
 Metaspace       used 94720K, capacity 97117K, committed 97356K, reserved 1132544K
  class space    used 12425K, capacity 13319K, committed 13388K, reserved 1048576K
}
Event: 54.089 GC heap before
{Heap before GC invocations=56 (full 0):
 garbage-first heap   total 359424K, used 202592K [0x0000000080000000, 0x0000000100000000)
  region size 1024K, 70 young (71680K), 2 survivors (2048K)
 Metaspace       used 95292K, capacity 97785K, committed 97996K, reserved 1134592K
  class space    used 12488K, capacity 13429K, committed 13516K, reserved 1048576K
}
Event: 54.101 GC heap after
{Heap after GC invocations=57 (full 0):
 garbage-first heap   total 359424K, used 141744K [0x0000000080000000, 0x0000000100000000)
  region size 1024K, 9 young (9216K), 9 survivors (9216K)
 Metaspace       used 95292K, capacity 97785K, committed 97996K, reserved 1134592K
  class space    used 12488K, capacity 13429K, committed 13516K, reserved 1048576K
}

Deoptimization events (20 events):
Event: 54.300 Thread 0x0000026716bd3000 DEOPT PACKING pc=0x00000267081e5520 sp=0x0000006fea6fe390
Event: 54.300 Thread 0x0000026716bd3000 DEOPT UNPACKING pc=0x00000267000278af sp=0x0000006fea6fe360 mode 2
Event: 54.321 Thread 0x0000026716bd3000 DEOPT PACKING pc=0x0000026701dfb2b6 sp=0x0000006fea6fe310
Event: 54.321 Thread 0x0000026716bd3000 DEOPT UNPACKING pc=0x00000267000276ce sp=0x0000006fea6fd7e8 mode 0
Event: 54.656 Thread 0x0000026711d89000 Uncommon trap: trap_request=0xffffff4d fr.pc=0x000002670806fe1c relative=0x000000000000085c
Event: 54.656 Thread 0x0000026711d89000 Uncommon trap: reason=unstable_if action=reinterpret pc=0x000002670806fe1c method=org.gradle.internal.file.DefaultFileHierarchySet$Node.isChildOfOrThis(Ljava/lang/String;I)Z @ 35 c2
Event: 54.656 Thread 0x0000026711d89000 DEOPT PACKING pc=0x000002670806fe1c sp=0x0000006fe77ff030
Event: 54.656 Thread 0x0000026711d89000 DEOPT UNPACKING pc=0x00000267000278af sp=0x0000006fe77feec8 mode 2
Event: 54.656 Thread 0x0000026711d89000 Uncommon trap: trap_request=0xffffff4d fr.pc=0x000002670801f9d0 relative=0x0000000000000250
Event: 54.656 Thread 0x0000026711d89000 Uncommon trap: reason=unstable_if action=reinterpret pc=0x000002670801f9d0 method=org.gradle.internal.file.DefaultFileHierarchySet$Node.isChildOfOrThis(Ljava/lang/String;I)Z @ 35 c2
Event: 54.656 Thread 0x0000026711d89000 DEOPT PACKING pc=0x000002670801f9d0 sp=0x0000006fe77fef20
Event: 54.656 Thread 0x0000026711d89000 DEOPT UNPACKING pc=0x00000267000278af sp=0x0000006fe77feec0 mode 2
Event: 54.826 Thread 0x0000026712eb7000 Uncommon trap: trap_request=0xffffff4d fr.pc=0x00000267080479a0 relative=0x0000000000000240
Event: 54.826 Thread 0x0000026712eb7000 Uncommon trap: reason=unstable_if action=reinterpret pc=0x00000267080479a0 method=com.esotericsoftware.kryo.io.Output.writeString(Ljava/lang/CharSequence;)V @ 50 c2
Event: 54.826 Thread 0x0000026712eb7000 DEOPT PACKING pc=0x00000267080479a0 sp=0x0000006fe9bfe200
Event: 54.826 Thread 0x0000026712eb7000 DEOPT UNPACKING pc=0x00000267000278af sp=0x0000006fe9bfe128 mode 2
Event: 54.826 Thread 0x0000026712eb7000 Uncommon trap: trap_request=0xffffff4d fr.pc=0x0000026707d6cb34 relative=0x0000000000000234
Event: 54.826 Thread 0x0000026712eb7000 Uncommon trap: reason=unstable_if action=reinterpret pc=0x0000026707d6cb34 method=com.esotericsoftware.kryo.io.Output.writeString(Ljava/lang/CharSequence;)V @ 50 c2
Event: 54.826 Thread 0x0000026712eb7000 DEOPT PACKING pc=0x0000026707d6cb34 sp=0x0000006fe9bfe190
Event: 54.826 Thread 0x0000026712eb7000 DEOPT UNPACKING pc=0x00000267000278af sp=0x0000006fe9bfe120 mode 2

Classes redefined (0 events):
No events

Internal exceptions (20 events):
Event: 51.490 Thread 0x0000026712ebf000 Exception <a 'java/lang/IncompatibleClassChangeError'{0x000000008772d6c0}: Found class java.lang.Object, but interface was expected> (0x000000008772d6c0) thrown at [./src/hotspot/share/interpreter/linkResolver.cpp, line 839]
Event: 51.490 Thread 0x0000026716bd7000 Exception <a 'java/lang/IncompatibleClassChangeError'{0x000000008772a298}: Found class java.lang.Object, but interface was expected> (0x000000008772a298) thrown at [./src/hotspot/share/interpreter/linkResolver.cpp, line 839]
Event: 51.490 Thread 0x0000026716bd5800 Exception <a 'java/lang/IncompatibleClassChangeError'{0x00000000878f8e90}: Found class java.lang.Object, but interface was expected> (0x00000000878f8e90) thrown at [./src/hotspot/share/interpreter/linkResolver.cpp, line 839]
Event: 52.038 Thread 0x0000026712ec1800 Exception <a 'java/lang/NoSuchMethodError'{0x000000008b7e53b8}: 'int java.lang.invoke.DirectMethodHandle$Holder.invokeVirtual(java.lang.Object, java.lang.Object, java.lang.Object, java.lang.Object)'> (0x000000008b7e53b8) thrown at [./src/hotspot/share/interpreter/linkResolver.cpp, line 773]
Event: 52.405 Thread 0x0000026712ec1800 Exception <a 'java/lang/NoSuchMethodError'{0x000000008b555c78}: 'void java.lang.invoke.DirectMethodHandle$Holder.invokeStatic(java.lang.Object, java.lang.Object, java.lang.Object, int)'> (0x000000008b555c78) thrown at [./src/hotspot/share/interpreter/linkResolver.cpp, line 773]
Event: 52.406 Thread 0x0000026712ec1800 Exception <a 'java/lang/IncompatibleClassChangeError'{0x000000008b55d8c0}: Found class java.lang.Object, but interface was expected> (0x000000008b55d8c0) thrown at [./src/hotspot/share/interpreter/linkResolver.cpp, line 839]
Event: 52.411 Thread 0x0000026716bd7000 Exception <a 'java/lang/NoSuchMethodError'{0x000000008b5d91d8}: 'int java.lang.invoke.DirectMethodHandle$Holder.invokeVirtual(java.lang.Object, java.lang.Object, java.lang.Object)'> (0x000000008b5d91d8) thrown at [./src/hotspot/share/interpreter/linkResolver.cpp, line 773]
Event: 52.411 Thread 0x0000026716bd5800 Exception <a 'java/lang/NoSuchMethodError'{0x000000008b574bc0}: 'int java.lang.invoke.DirectMethodHandle$Holder.invokeVirtual(java.lang.Object, java.lang.Object, java.lang.Object)'> (0x000000008b574bc0) thrown at [./src/hotspot/share/interpreter/linkResolver.cpp, line 773]
Event: 52.411 Thread 0x0000026716bd2000 Exception <a 'java/lang/NoSuchMethodError'{0x000000008bb72ef8}: 'int java.lang.invoke.DirectMethodHandle$Holder.invokeVirtual(java.lang.Object, java.lang.Object, java.lang.Object)'> (0x000000008bb72ef8) thrown at [./src/hotspot/share/interpreter/linkResolver.cpp, line 773]
Event: 52.411 Thread 0x0000026712ebf000 Exception <a 'java/lang/NoSuchMethodError'{0x000000008b890db8}: 'int java.lang.invoke.DirectMethodHandle$Holder.invokeVirtual(java.lang.Object, java.lang.Object, java.lang.Object)'> (0x000000008b890db8) thrown at [./src/hotspot/share/interpreter/linkResolver.cpp, line 773]
Event: 52.411 Thread 0x0000026716bd8000 Exception <a 'java/lang/NoSuchMethodError'{0x000000008bf82428}: 'int java.lang.invoke.DirectMethodHandle$Holder.invokeVirtual(java.lang.Object, java.lang.Object, java.lang.Object)'> (0x000000008bf82428) thrown at [./src/hotspot/share/interpreter/linkResolver.cpp, line 773]
Event: 52.751 Thread 0x0000026712ec1800 Exception <a 'java/lang/NoSuchMethodError'{0x000000008b845c80}: 'java.lang.Object java.lang.invoke.Invokers$Holder.linkToTargetMethod(java.lang.Object, int, java.lang.Object, java.lang.Object, java.lang.Object, java.lang.Object)'> (0x000000008b845c80) thrown at [./src/hotspot/share/interpreter/linkResolver.cpp, line 773]
Event: 52.751 Thread 0x0000026712ec1800 Exception <a 'java/lang/NoSuchMethodError'{0x000000008b849938}: 'void java.lang.invoke.DirectMethodHandle$Holder.invokeSpecial(java.lang.Object, java.lang.Object, java.lang.Object, java.lang.Object, java.lang.Object, java.lang.Object, java.lang.Object, java.lang.Object, java.lang.Object)'> (0x000000008b849938) thrown at [./src/hotspot/share/interpreter/linkResolver.cpp, line 773]
Event: 52.752 Thread 0x0000026712ec1800 Exception <a 'java/lang/NoSuchMethodError'{0x000000008b852b30}: 'java.lang.Object java.lang.invoke.Invokers$Holder.linkToTargetMethod(java.lang.Object, java.lang.Object, java.lang.Object, java.lang.Object, java.lang.Object, java.lang.Object, java.lang.Object)'> (0x000000008b852b30) thrown at [./src/hotspot/share/interpreter/linkResolver.cpp, line 773]
Event: 52.755 Thread 0x0000026712ec1800 Exception <a 'java/lang/IncompatibleClassChangeError'{0x000000008b876b80}: Found class java.lang.Object, but interface was expected> (0x000000008b876b80) thrown at [./src/hotspot/share/interpreter/linkResolver.cpp, line 839]
Event: 52.783 Thread 0x0000026712ec1800 Exception <a 'java/lang/NoSuchMethodError'{0x000000008b771850}: 'void java.lang.invoke.DirectMethodHandle$Holder.invokeStatic(java.lang.Object, java.lang.Object, java.lang.Object, java.lang.Object, java.lang.Object, java.lang.Object, java.lang.Object, java.lang.Object)'> (0x000000008b771850) thrown at [./src/hotspot/share/interpreter/linkResolver.cpp, line 773]
Event: 53.515 Thread 0x0000026712ec1800 Exception <a 'java/lang/IncompatibleClassChangeError'{0x0000000094072f90}: Found class java.lang.Object, but interface was expected> (0x0000000094072f90) thrown at [./src/hotspot/share/interpreter/linkResolver.cpp, line 839]
Event: 54.300 Thread 0x0000026716bd3000 Exception <a 'java/lang/NoSuchMethodError'{0x0000000093428828}: 'void java.lang.invoke.DirectMethodHandle$Holder.invokeVirtual(java.lang.Object, java.lang.Object, int)'> (0x0000000093428828) thrown at [./src/hotspot/share/interpreter/linkResolver.cpp, line 773]
Event: 54.653 Thread 0x0000026716bd3000 Exception <a 'sun/nio/fs/WindowsException'{0x0000000091d3cef8}> (0x0000000091d3cef8) thrown at [./src/hotspot/share/prims/jni.cpp, line 615]
Event: 54.700 Thread 0x000002670f9a1000 Exception <a 'java/lang/NoSuchMethodError'{0x0000000091cacde8}: 'void java.lang.invoke.DirectMethodHandle$Holder.invokeStatic(java.lang.Object, java.lang.Object, java.lang.Object, java.lang.Object, java.lang.Object, java.lang.Object, java.lang.Object)'> (0x0000000091cacde8) thrown at [./src/hotspot/share/interpreter/linkResolver.cpp, line 773]

Events (20 events):
Event: 54.825 loading class com/google/common/collect/Maps$12
Event: 54.825 loading class com/google/common/collect/Maps$12 done
Event: 54.826 loading class org/gradle/internal/snapshot/FileSystemLocationSnapshot
Event: 54.826 loading class org/gradle/internal/snapshot/FileSystemLocationSnapshot done
Event: 54.826 loading class org/gradle/internal/snapshot/FileSystemLocationSnapshot
Event: 54.826 loading class org/gradle/internal/snapshot/FileSystemLocationSnapshot done
Event: 54.826 loading class org/gradle/internal/execution/history/impl/DefaultOutputFilesRepository
Event: 54.826 loading class org/gradle/internal/execution/history/impl/DefaultOutputFilesRepository done
Event: 54.826 loading class org/gradle/internal/execution/history/impl/DefaultOutputFilesRepository$1
Event: 54.826 loading class org/gradle/internal/execution/history/impl/DefaultOutputFilesRepository$1 done
Event: 54.827 loading class org/gradle/internal/execution/steps/SkipUpToDateStep$2
Event: 54.827 loading class org/gradle/internal/execution/steps/SkipUpToDateStep$2 done
Event: 54.827 loading class org/gradle/internal/execution/history/impl/FileSystemSnapshotSerializer$1
Event: 54.827 loading class org/gradle/internal/execution/history/impl/FileSystemSnapshotSerializer$1 done
Event: 54.828 loading class org/gradle/internal/execution/history/impl/FileSystemSnapshotSerializer$1$1
Event: 54.828 loading class org/gradle/internal/execution/history/impl/FileSystemSnapshotSerializer$1$1 done
Event: 58.628 Thread 0x000002671785a800 Thread exited: 0x000002671785a800
Event: 62.953 Executing VM operation: RevokeBias
Event: 62.954 Executing VM operation: RevokeBias done
Event: 62.954 Thread 0x0000026711d86800 Thread exited: 0x0000026711d86800


Dynamic libraries:
0x00007ff6f00d0000 - 0x00007ff6f00da000 	C:\Program Files\Android\Android Studio\jre\bin\java.exe
0x00007fff58db0000 - 0x00007fff58fa5000 	C:\WINDOWS\SYSTEM32\ntdll.dll
0x00007fff58900000 - 0x00007fff589be000 	C:\WINDOWS\System32\KERNEL32.DLL
0x00007fff564d0000 - 0x00007fff56799000 	C:\WINDOWS\System32\KERNELBASE.dll
0x00007fff567a0000 - 0x00007fff568a0000 	C:\WINDOWS\System32\ucrtbase.dll
0x00007fff52cc0000 - 0x00007fff52cd9000 	C:\Program Files\Android\Android Studio\jre\bin\jli.dll
0x00007fff4d870000 - 0x00007fff4d887000 	C:\Program Files\Android\Android Studio\jre\bin\VCRUNTIME140.dll
0x00007fff56fb0000 - 0x00007fff57151000 	C:\WINDOWS\System32\USER32.dll
0x00007fff46cc0000 - 0x00007fff46f5a000 	C:\WINDOWS\WinSxS\amd64_microsoft.windows.common-controls_6595b64144ccf1df_6.0.19041.1110_none_60b5254171f9507e\COMCTL32.dll
0x00007fff56dd0000 - 0x00007fff56df2000 	C:\WINDOWS\System32\win32u.dll
0x00007fff57a30000 - 0x00007fff57ace000 	C:\WINDOWS\System32\msvcrt.dll
0x00007fff56e00000 - 0x00007fff56e2b000 	C:\WINDOWS\System32\GDI32.dll
0x00007fff56980000 - 0x00007fff56a8b000 	C:\WINDOWS\System32\gdi32full.dll
0x00007fff56b80000 - 0x00007fff56c1d000 	C:\WINDOWS\System32\msvcp_win.dll
0x00007fff58b40000 - 0x00007fff58b70000 	C:\WINDOWS\System32\IMM32.DLL
0x00007fff1dd80000 - 0x00007fff1de1d000 	C:\Program Files\Android\Android Studio\jre\bin\msvcp140.dll
0x00007fff1a3f0000 - 0x00007fff1aebf000 	C:\Program Files\Android\Android Studio\jre\bin\server\jvm.dll
0x00007fff58b70000 - 0x00007fff58c1c000 	C:\WINDOWS\System32\ADVAPI32.dll
0x00007fff57160000 - 0x00007fff571fb000 	C:\WINDOWS\System32\sechost.dll
0x00007fff57fe0000 - 0x00007fff5810a000 	C:\WINDOWS\System32\RPCRT4.dll
0x00007fff56fa0000 - 0x00007fff56fa8000 	C:\WINDOWS\System32\PSAPI.DLL
0x00007fff53ca0000 - 0x00007fff53ca9000 	C:\WINDOWS\SYSTEM32\WSOCK32.dll
0x00007fff43190000 - 0x00007fff431b7000 	C:\WINDOWS\SYSTEM32\WINMM.dll
0x00007fff544b0000 - 0x00007fff544ba000 	C:\WINDOWS\SYSTEM32\VERSION.dll
0x00007fff58a70000 - 0x00007fff58adb000 	C:\WINDOWS\System32\WS2_32.dll
0x00007fff54d50000 - 0x00007fff54d62000 	C:\WINDOWS\SYSTEM32\kernel.appcore.dll
0x00007fff46650000 - 0x00007fff46661000 	C:\Program Files\Android\Android Studio\jre\bin\verify.dll
0x00007fff50fb0000 - 0x00007fff51194000 	C:\WINDOWS\SYSTEM32\DBGHELP.DLL
0x00007fff431c0000 - 0x00007fff431ec000 	C:\WINDOWS\SYSTEM32\dbgcore.DLL
0x00007fff56a90000 - 0x00007fff56b13000 	C:\WINDOWS\System32\bcryptPrimitives.dll
0x00007fff3b7e0000 - 0x00007fff3b809000 	C:\Program Files\Android\Android Studio\jre\bin\java.dll
0x00007fff512e0000 - 0x00007fff512eb000 	C:\Program Files\Android\Android Studio\jre\bin\jimage.dll
0x00007fff3a700000 - 0x00007fff3a718000 	C:\Program Files\Android\Android Studio\jre\bin\zip.dll
0x00007fff57200000 - 0x00007fff5793f000 	C:\WINDOWS\System32\SHELL32.dll
0x00007fff544c0000 - 0x00007fff54c50000 	C:\WINDOWS\SYSTEM32\windows.storage.dll
0x00007fff57c20000 - 0x00007fff57f75000 	C:\WINDOWS\System32\combase.dll
0x00007fff55e50000 - 0x00007fff55e7c000 	C:\WINDOWS\SYSTEM32\Wldp.dll
0x00007fff56e90000 - 0x00007fff56f3d000 	C:\WINDOWS\System32\SHCORE.dll
0x00007fff58ae0000 - 0x00007fff58b35000 	C:\WINDOWS\System32\shlwapi.dll
0x00007fff56410000 - 0x00007fff5642f000 	C:\WINDOWS\SYSTEM32\profapi.dll
0x00007fff39d10000 - 0x00007fff39d2a000 	C:\Program Files\Android\Android Studio\jre\bin\net.dll
0x00007fff4b6a0000 - 0x00007fff4b7a8000 	C:\WINDOWS\SYSTEM32\WINHTTP.dll
0x00007fff55bb0000 - 0x00007fff55c1a000 	C:\WINDOWS\system32\mswsock.dll
0x00007fff39c30000 - 0x00007fff39c44000 	C:\Program Files\Android\Android Studio\jre\bin\nio.dll
0x00007fff39db0000 - 0x00007fff39dd7000 	C:\Users\vitor\.gradle\native\8bec1ad78214c89d9ad589b4d07fe93259594b29d510b10fafb7a158f7737e5d\windows-amd64\native-platform.dll
0x00007fff15940000 - 0x00007fff15a7d000 	C:\Users\vitor\.gradle\native\53dbd7edfb1c66fb8903c78663c9afc45aea4f116125fa6feffd364cf09443e8\windows-amd64\native-platform-file-events.dll
0x00007fff4e9d0000 - 0x00007fff4e9da000 	C:\Program Files\Android\Android Studio\jre\bin\management.dll
0x00007fff4e9b0000 - 0x00007fff4e9bc000 	C:\Program Files\Android\Android Studio\jre\bin\management_ext.dll
0x00007fff55da0000 - 0x00007fff55db8000 	C:\WINDOWS\SYSTEM32\CRYPTSP.dll
0x00007fff55530000 - 0x00007fff55564000 	C:\WINDOWS\system32\rsaenh.dll
0x00007fff56950000 - 0x00007fff56977000 	C:\WINDOWS\System32\bcrypt.dll
0x00007fff563d0000 - 0x00007fff563fe000 	C:\WINDOWS\SYSTEM32\USERENV.dll
0x00007fff55dc0000 - 0x00007fff55dcc000 	C:\WINDOWS\SYSTEM32\CRYPTBASE.dll
0x00007fff558a0000 - 0x00007fff558db000 	C:\WINDOWS\SYSTEM32\IPHLPAPI.DLL
0x00007fff57a20000 - 0x00007fff57a28000 	C:\WINDOWS\System32\NSI.dll
0x00007fff4eb90000 - 0x00007fff4eba7000 	C:\WINDOWS\SYSTEM32\dhcpcsvc6.DLL
0x00007fff4e290000 - 0x00007fff4e2ad000 	C:\WINDOWS\SYSTEM32\dhcpcsvc.DLL
0x00007fff55940000 - 0x00007fff55a0c000 	C:\WINDOWS\SYSTEM32\DNSAPI.dll

dbghelp: loaded successfully - version: 4.0.5 - missing functions: none
symbol engine: initialized successfully - sym options: 0x614 - pdb path: .;C:\Program Files\Android\Android Studio\jre\bin;C:\WINDOWS\SYSTEM32;C:\WINDOWS\WinSxS\amd64_microsoft.windows.common-controls_6595b64144ccf1df_6.0.19041.1110_none_60b5254171f9507e;C:\Program Files\Android\Android Studio\jre\bin\server;C:\Users\vitor\.gradle\native\8bec1ad78214c89d9ad589b4d07fe93259594b29d510b10fafb7a158f7737e5d\windows-amd64;C:\Users\vitor\.gradle\native\53dbd7edfb1c66fb8903c78663c9afc45aea4f116125fa6feffd364cf09443e8\windows-amd64

VM Arguments:
jvm_args: --add-opens=java.base/java.util=ALL-UNNAMED --add-opens=java.base/java.lang=ALL-UNNAMED --add-opens=java.base/java.lang.invoke=ALL-UNNAMED --add-opens=java.base/java.util=ALL-UNNAMED --add-opens=java.prefs/java.util.prefs=ALL-UNNAMED --add-opens=java.prefs/java.util.prefs=ALL-UNNAMED --add-opens=java.base/java.nio.charset=ALL-UNNAMED --add-opens=java.base/java.net=ALL-UNNAMED --add-opens=java.base/java.util.concurrent.atomic=ALL-UNNAMED -Xmx2048m -Dfile.encoding=UTF-8 -Duser.country=PT -Duser.language=pt -Duser.variant 
java_command: org.gradle.launcher.daemon.bootstrap.GradleDaemon 7.0.2
java_class_path (initial): C:\Users\vitor\.gradle\wrapper\dists\gradle-7.0.2-bin\857tjihv64xamwrf0h14cai3r\gradle-7.0.2\lib\gradle-launcher-7.0.2.jar
Launcher Type: SUN_STANDARD

[Global flags]
     intx CICompilerCount                          = 4                                         {product} {ergonomic}
     uint ConcGCThreads                            = 2                                         {product} {ergonomic}
     uint G1ConcRefinementThreads                  = 8                                         {product} {ergonomic}
   size_t G1HeapRegionSize                         = 1048576                                   {product} {ergonomic}
    uintx GCDrainStackTargetSize                   = 64                                        {product} {ergonomic}
   size_t InitialHeapSize                          = 127926272                                 {product} {ergonomic}
   size_t MarkStackSize                            = 4194304                                   {product} {ergonomic}
   size_t MaxHeapSize                              = 2147483648                                {product} {command line}
   size_t MaxNewSize                               = 1287651328                                {product} {ergonomic}
   size_t MinHeapDeltaBytes                        = 1048576                                   {product} {ergonomic}
    uintx NonNMethodCodeHeapSize                   = 5836300                                {pd product} {ergonomic}
    uintx NonProfiledCodeHeapSize                  = 122910970                              {pd product} {ergonomic}
    uintx ProfiledCodeHeapSize                     = 122910970                              {pd product} {ergonomic}
    uintx ReservedCodeCacheSize                    = 251658240                              {pd product} {ergonomic}
     bool SegmentedCodeCache                       = true                                      {product} {ergonomic}
     bool UseCompressedClassPointers               = true                                 {lp64_product} {ergonomic}
     bool UseCompressedOops                        = true                                 {lp64_product} {ergonomic}
     bool UseG1GC                                  = true                                      {product} {ergonomic}
     bool UseLargePagesIndividualAllocation        = false                                  {pd product} {ergonomic}

Logging:
Log output configuration:
 #0: stdout all=warning uptime,level,tags
 #1: stderr all=off uptime,level,tags

Environment Variables:
PATH=C:\Program Files\Common Files\Oracle\Java\javapath;C:\Python39\Scripts\;C:\Python39\;C:\ProgramData\Oracle\Java\javapath;C:\Program Files (x86)\Razer Chroma SDK\bin;C:\Program Files\Razer Chroma SDK\bin;C:\Program Files (x86)\Razer\ChromaBroadcast\bin;C:\Program Files\Razer\ChromaBroadcast\bin;C:\Program Files (x86)\Common Files\Oracle\Java\javapath;C:\Windows\system32;C:\Windows;C:\Windows\System32\Wbem;C:\Windows\System32\WindowsPowerShell\v1.0\;C:\Windows\System32\OpenSSH\;C:\Program Files (x86)\NVIDIA Corporation\PhysX\Common;C:\WINDOWS\system32;C:\WINDOWS;C:\WINDOWS\System32\Wbem;C:\WINDOWS\System32\WindowsPowerShell\v1.0\;C:\WINDOWS\System32\OpenSSH\;C:\Program Files\dotnet\;C:\WINDOWS\system32\config\systemprofile\AppData\Local\Microsoft\WindowsApps;C:\WINDOWS\system32;C:\WINDOWS;C:\WINDOWS\System32\Wbem;C:\WINDOWS\System32\WindowsPowerShell\v1.0\;C:\WINDOWS\System32\OpenSSH\;C:\Program Files\nodejs\;C:\ProgramData\chocolatey\bin;C:\xampp\mysql\bin;C:\Users\vitor\AppData\Local\Microsoft\WindowsApps;C:\Users\vitor\.dotnet\tools;C:\Users\vitor\AppData\Local\Programs\Microsoft VS Code\bin;C:\Users\vitor\AppData\Roaming\npm;C:\xampp\mysql\bin\mysql.exe;
USERNAME=vitor
OS=Windows_NT
PROCESSOR_IDENTIFIER=AMD64 Family 23 Model 17 Stepping 0, AuthenticAMD



---------------  S Y S T E M  ---------------

OS: Windows 10 , 64 bit Build 19041 (10.0.19041.1202)
OS uptime: 4 days 11:17 hours

CPU:total 8 (initial active 8) (8 cores per cpu, 2 threads per core) family 23 model 17 stepping 0 microcode 0x0, cmov, cx8, fxsr, mmx, sse, sse2, sse3, ssse3, sse4.1, sse4.2, popcnt, avx, avx2, aes, clmul, mmxext, 3dnowpref, lzcnt, sse4a, ht, tsc, tscinvbit, tscinv, bmi1, bmi2, adx, s

Memory: 4k page, system-wide physical 7733M (693M free)
TotalPageFile size 13853M (AvailPageFile size 49M)
current process WorkingSet (physical memory assigned to process): 487M, peak: 522M
current process commit charge ("private bytes"): 649M, peak: 674M

vm_info: OpenJDK 64-Bit Server VM (11.0.10+0-b96-7249189) for windows-amd64 JRE (11.0.10+0-b96-7249189), built on Mar 31 2021 21:44:00 by "builder" with MS VC++ 14.0 (VS2015)

END.
